<?xml version="1.0" encoding="utf-8" standalone="no"?>
<test-results xmlns:xsi="http://www.w3.org/2001/XMLSchema-instance" xsi:noNamespaceSchemaLocation="nunit_schema_2.5.xsd" name="Pester" total="422" errors="0" failures="20" not-run="4" inconclusive="0" ignored="0" skipped="2" invalid="0" date="2026-08-28" time="17:17:27">
  <environment clr-version="4.0.30319.42000" user-domain="BATTLESTATION" cwd="C:\Celerium\Projects\_API\Celerium.AutoTask" platform="Microsoft Windows 11 Pro|C:\WINDOWS|\Device\Harddisk0\Partition3" machine-name="BATTLESTATION" nunit-version="2.5.8.0" os-version="10.0.26200" user="David" />
  <culture-info current-culture="en-US" current-uiculture="en-US" />
  <test-suite type="TestFixture" name="Pester" executed="True" result="Failure" success="False" time="27.7065" asserts="0" description="Pester">
    <results>
      <test-suite type="TestFixture" name="C:\Celerium\Projects\_API\Celerium.AutoTask\tests\Celerium.AutoTask.Tests.ps1" executed="True" result="Success" success="True" time="4.5805" asserts="0" description="C:\Celerium\Projects\_API\Celerium.AutoTask\tests\Celerium.AutoTask.Tests.ps1">
        <results>
          <test-suite type="TestFixture" name="Testing the [ Built ] version of [ Celerium.AutoTask ] with [ Celerium.AutoTask.Tests.ps1 ]" executed="True" result="Success" success="True" time="2.0548" asserts="0" description="Testing the [ Built ] version of [ Celerium.AutoTask ] with [ Celerium.AutoTask.Tests.ps1 ]">
            <results>
              <test-suite type="TestFixture" name="Testing the [ Built ] version of [ Celerium.AutoTask ] with [ Celerium.AutoTask.Tests.ps1 ].[ Celerium.AutoTask.psd1 ] general manifest data" executed="True" result="Success" success="True" time="1.7843" asserts="0" description="Testing the [ Built ] version of [ Celerium.AutoTask ] with [ Celerium.AutoTask.Tests.ps1 ].[ Celerium.AutoTask.psd1 ] general manifest data">
                <results>
                  <test-case description="Manifest [ RootModule ] has valid data" name="Testing the [ Built ] version of [ Celerium.AutoTask ] with [ Celerium.AutoTask.Tests.ps1 ].[ Celerium.AutoTask.psd1 ] general manifest data.Manifest [ RootModule ] has valid data" time="0.9815" asserts="0" success="True" result="Success" executed="True" />
                  <test-case description="Manifest [ ModuleVersion ] has valid data" name="Testing the [ Built ] version of [ Celerium.AutoTask ] with [ Celerium.AutoTask.Tests.ps1 ].[ Celerium.AutoTask.psd1 ] general manifest data.Manifest [ ModuleVersion ] has valid data" time="0.0495" asserts="0" success="True" result="Success" executed="True" />
                  <test-case description="Manifest [ GUID ] has valid data" name="Testing the [ Built ] version of [ Celerium.AutoTask ] with [ Celerium.AutoTask.Tests.ps1 ].[ Celerium.AutoTask.psd1 ] general manifest data.Manifest [ GUID ] has valid data" time="0.0296" asserts="0" success="True" result="Success" executed="True" />
                  <test-case description="Manifest [ Author ] has valid data" name="Testing the [ Built ] version of [ Celerium.AutoTask ] with [ Celerium.AutoTask.Tests.ps1 ].[ Celerium.AutoTask.psd1 ] general manifest data.Manifest [ Author ] has valid data" time="0.009" asserts="0" success="True" result="Success" executed="True" />
                  <test-case description="Manifest [ CompanyName ] has valid data" name="Testing the [ Built ] version of [ Celerium.AutoTask ] with [ Celerium.AutoTask.Tests.ps1 ].[ Celerium.AutoTask.psd1 ] general manifest data.Manifest [ CompanyName ] has valid data" time="0.0086" asserts="0" success="True" result="Success" executed="True" />
                  <test-case description="Manifest [ Copyright ] has valid data" name="Testing the [ Built ] version of [ Celerium.AutoTask ] with [ Celerium.AutoTask.Tests.ps1 ].[ Celerium.AutoTask.psd1 ] general manifest data.Manifest [ Copyright ] has valid data" time="0.0082" asserts="0" success="True" result="Success" executed="True" />
                  <test-case description="Manifest [ Description ] is not empty" name="Testing the [ Built ] version of [ Celerium.AutoTask ] with [ Celerium.AutoTask.Tests.ps1 ].[ Celerium.AutoTask.psd1 ] general manifest data.Manifest [ Description ] is not empty" time="0.0554" asserts="0" success="True" result="Success" executed="True" />
                  <test-case description="Manifest [ PowerShellVersion ] has valid data" name="Testing the [ Built ] version of [ Celerium.AutoTask ] with [ Celerium.AutoTask.Tests.ps1 ].[ Celerium.AutoTask.psd1 ] general manifest data.Manifest [ PowerShellVersion ] has valid data" time="0.0075" asserts="0" success="True" result="Success" executed="True" />
                  <test-case description="Manifest [ NestedModules ] has valid data" name="Testing the [ Built ] version of [ Celerium.AutoTask ] with [ Celerium.AutoTask.Tests.ps1 ].[ Celerium.AutoTask.psd1 ] general manifest data.Manifest [ NestedModules ] has valid data" time="0.0136" asserts="0" success="True" result="Success" executed="True" />
                  <test-case description="Manifest [ FunctionsToExport ] has valid data" name="Testing the [ Built ] version of [ Celerium.AutoTask ] with [ Celerium.AutoTask.Tests.ps1 ].[ Celerium.AutoTask.psd1 ] general manifest data.Manifest [ FunctionsToExport ] has valid data" time="0.0104" asserts="0" success="True" result="Success" executed="True" />
                  <test-case description="Manifest [ CmdletsToExport ] is empty" name="Testing the [ Built ] version of [ Celerium.AutoTask ] with [ Celerium.AutoTask.Tests.ps1 ].[ Celerium.AutoTask.psd1 ] general manifest data.Manifest [ CmdletsToExport ] is empty" time="0.0101" asserts="0" success="True" result="Success" executed="True" />
                  <test-case description="Manifest [ VariablesToExport ] is empty" name="Testing the [ Built ] version of [ Celerium.AutoTask ] with [ Celerium.AutoTask.Tests.ps1 ].[ Celerium.AutoTask.psd1 ] general manifest data.Manifest [ VariablesToExport ] is empty" time="0.0109" asserts="0" success="True" result="Success" executed="True" />
                  <test-case description="Manifest [ AliasesToExport ] has alias" name="Testing the [ Built ] version of [ Celerium.AutoTask ] with [ Celerium.AutoTask.Tests.ps1 ].[ Celerium.AutoTask.psd1 ] general manifest data.Manifest [ AliasesToExport ] has alias" time="0.0114" asserts="0" success="True" result="Success" executed="True" />
                  <test-case description="Manifest [ Tags ] has valid data" name="Testing the [ Built ] version of [ Celerium.AutoTask ] with [ Celerium.AutoTask.Tests.ps1 ].[ Celerium.AutoTask.psd1 ] general manifest data.Manifest [ Tags ] has valid data" time="0.0776" asserts="0" success="True" result="Success" executed="True" />
                  <test-case description="Manifest [ LicenseUri ] has valid data" name="Testing the [ Built ] version of [ Celerium.AutoTask ] with [ Celerium.AutoTask.Tests.ps1 ].[ Celerium.AutoTask.psd1 ] general manifest data.Manifest [ LicenseUri ] has valid data" time="0.0125" asserts="0" success="True" result="Success" executed="True" />
                  <test-case description="Manifest [ ProjectUri ] has valid data" name="Testing the [ Built ] version of [ Celerium.AutoTask ] with [ Celerium.AutoTask.Tests.ps1 ].[ Celerium.AutoTask.psd1 ] general manifest data.Manifest [ ProjectUri ] has valid data" time="0.0142" asserts="0" success="True" result="Success" executed="True" />
                  <test-case description="Manifest [ IconUri ] has valid data" name="Testing the [ Built ] version of [ Celerium.AutoTask ] with [ Celerium.AutoTask.Tests.ps1 ].[ Celerium.AutoTask.psd1 ] general manifest data.Manifest [ IconUri ] has valid data" time="0.0078" asserts="0" success="True" result="Success" executed="True" />
                  <test-case description="Manifest [ ReleaseNotes ] has valid data" name="Testing the [ Built ] version of [ Celerium.AutoTask ] with [ Celerium.AutoTask.Tests.ps1 ].[ Celerium.AutoTask.psd1 ] general manifest data.Manifest [ ReleaseNotes ] has valid data" time="0.0157" asserts="0" success="True" result="Success" executed="True" />
                  <test-case description="Manifest [ HelpInfoUri ] is not empty" name="Testing the [ Built ] version of [ Celerium.AutoTask ] with [ Celerium.AutoTask.Tests.ps1 ].[ Celerium.AutoTask.psd1 ] general manifest data.Manifest [ HelpInfoUri ] is not empty" time="0.0183" asserts="0" success="True" result="Success" executed="True" />
                </results>
              </test-suite>
              <test-suite type="TestFixture" name="Testing the [ Built ] version of [ Celerium.AutoTask ] with [ Celerium.AutoTask.Tests.ps1 ].[ Celerium.AutoTask.psd1 ] module import test" executed="True" result="Success" success="True" time="1.9278" asserts="0" description="Testing the [ Built ] version of [ Celerium.AutoTask ] with [ Celerium.AutoTask.Tests.ps1 ].[ Celerium.AutoTask.psd1 ] module import test">
                <results>
                  <test-case description="Module contains only PowerShell files" name="Testing the [ Built ] version of [ Celerium.AutoTask ] with [ Celerium.AutoTask.Tests.ps1 ].[ Celerium.AutoTask.psd1 ] module import test.Module contains only PowerShell files" time="0.0474" asserts="0" success="True" result="Success" executed="True" />
                  <test-case description="Module files exist" name="Testing the [ Built ] version of [ Celerium.AutoTask ] with [ Celerium.AutoTask.Tests.ps1 ].[ Celerium.AutoTask.psd1 ] module import test.Module files exist" time="0.0481" asserts="0" success="True" result="Success" executed="True" />
                  <test-case description="Should pass Test-ModuleManifest" name="Testing the [ Built ] version of [ Celerium.AutoTask ] with [ Celerium.AutoTask.Tests.ps1 ].[ Celerium.AutoTask.psd1 ] module import test.Should pass Test-ModuleManifest" time="0.0236" asserts="0" success="True" result="Success" executed="True" />
                  <test-case description="Should import successfully" name="Testing the [ Built ] version of [ Celerium.AutoTask ] with [ Celerium.AutoTask.Tests.ps1 ].[ Celerium.AutoTask.psd1 ] module import test.Should import successfully" time="0.0089" asserts="0" success="True" result="Success" executed="True" />
                </results>
              </test-suite>
            </results>
          </test-suite>
        </results>
      </test-suite>
      <test-suite type="TestFixture" name="C:\Celerium\Projects\_API\Celerium.AutoTask\tests\HelpComment.Tests.ps1" executed="True" result="Failure" success="False" time="7.1589" asserts="0" description="C:\Celerium\Projects\_API\Celerium.AutoTask\tests\HelpComment.Tests.ps1">
        <results>
          <test-suite type="TestFixture" name="Testing the [ Built ] version of [ Celerium.AutoTask ] with [ HelpComment.Tests.ps1 ]" executed="True" result="Failure" success="False" time="5.2022" asserts="0" description="Testing the [ Built ] version of [ Celerium.AutoTask ] with [ HelpComment.Tests.ps1 ]">
            <results>
              <test-suite type="TestFixture" name="Testing the [ Built ] version of [ Celerium.AutoTask ] with [ HelpComment.Tests.ps1 ].[ Celerium.AutoTask ] module help tests" executed="True" result="Failure" success="False" time="1.0321" asserts="0" description="Testing the [ Built ] version of [ Celerium.AutoTask ] with [ HelpComment.Tests.ps1 ].[ Celerium.AutoTask ] module help tests">
                <results>
                  <test-suite type="TestFixture" name="Testing the [ Built ] version of [ Celerium.AutoTask ] with [ HelpComment.Tests.ps1 ].[ Celerium.AutoTask ] module help tests.[ Add-AutoTaskAPIKey ]" executed="True" result="Failure" success="False" time="1.0178" asserts="0" description="Testing the [ Built ] version of [ Celerium.AutoTask ] with [ HelpComment.Tests.ps1 ].[ Celerium.AutoTask ] module help tests.[ Add-AutoTaskAPIKey ]">
                    <results>
                      <test-case description="[ Add-AutoTaskAPIKey ] contains comment based help" name="Testing the [ Built ] version of [ Celerium.AutoTask ] with [ HelpComment.Tests.ps1 ].[ Celerium.AutoTask ] module help tests.[ Add-AutoTaskAPIKey ].[ Add-AutoTaskAPIKey ] contains comment based help" time="0.0097" asserts="0" success="True" result="Success" executed="True" />
                      <test-case description="[ Add-AutoTaskAPIKey ] contains a synopsis" name="Testing the [ Built ] version of [ Celerium.AutoTask ] with [ HelpComment.Tests.ps1 ].[ Celerium.AutoTask ] module help tests.[ Add-AutoTaskAPIKey ].[ Add-AutoTaskAPIKey ] contains a synopsis" time="0.0068" asserts="0" success="True" result="Success" executed="True" />
                      <test-case description="[ Add-AutoTaskAPIKey ] contains a description" name="Testing the [ Built ] version of [ Celerium.AutoTask ] with [ HelpComment.Tests.ps1 ].[ Celerium.AutoTask ] module help tests.[ Add-AutoTaskAPIKey ].[ Add-AutoTaskAPIKey ] contains a description" time="0.0073" asserts="0" success="True" result="Success" executed="True" />
                      <test-case description="[ Add-AutoTaskAPIKey ] contains at least one usage example" name="Testing the [ Built ] version of [ Celerium.AutoTask ] with [ HelpComment.Tests.ps1 ].[ Celerium.AutoTask ] module help tests.[ Add-AutoTaskAPIKey ].[ Add-AutoTaskAPIKey ] contains at least one usage example" time="0.0218" asserts="0" success="True" result="Success" executed="True" />
                      <test-case description="[ Add-AutoTaskAPIKey ] contains a note" name="Testing the [ Built ] version of [ Celerium.AutoTask ] with [ HelpComment.Tests.ps1 ].[ Celerium.AutoTask ] module help tests.[ Add-AutoTaskAPIKey ].[ Add-AutoTaskAPIKey ] contains a note" time="0.0068" asserts="0" success="True" result="Success" executed="True" />
                      <test-case description="[ Add-AutoTaskAPIKey ] contains a link" name="Testing the [ Built ] version of [ Celerium.AutoTask ] with [ HelpComment.Tests.ps1 ].[ Celerium.AutoTask ] module help tests.[ Add-AutoTaskAPIKey ].[ Add-AutoTaskAPIKey ] contains a link" time="0.0067" asserts="0" success="True" result="Success" executed="True" />
                      <test-case description="[ Add-AutoTaskAPIKey ] link should return 200" name="Testing the [ Built ] version of [ Celerium.AutoTask ] with [ HelpComment.Tests.ps1 ].[ Celerium.AutoTask ] module help tests.[ Add-AutoTaskAPIKey ].[ Add-AutoTaskAPIKey ] link should return 200" time="0.856" asserts="0" success="False" result="Failure" executed="True">
                        <failure>
                          <message>Expected '200', but got $null.</message>
                          <stack-trace>at $Link.StatusCode | Should -Be '200', C:\Celerium\Projects\_API\Celerium.AutoTask\tests\HelpComment.Tests.ps1:226
at &lt;ScriptBlock&gt;, C:\Celerium\Projects\_API\Celerium.AutoTask\tests\HelpComment.Tests.ps1:226</stack-trace>
                        </failure>
                      </test-case>
                      <test-suite type="ParameterizedTest" name="Testing the [ Built ] version of [ Celerium.AutoTask ] with [ HelpComment.Tests.ps1 ].[ Celerium.AutoTask ] module help tests.[ Add-AutoTaskAPIKey ].[ Add-AutoTaskAPIKey ] - Parameter has a description - [ &lt;_.name&gt; ]" executed="True" result="Success" success="True" time="0.049" asserts="0" description="[ Add-AutoTaskAPIKey ] - Parameter has a description - [ &lt;_.name&gt; ]">
                        <results>
                          <test-case description="[ Add-AutoTaskAPIKey ] - Parameter has a description - [ ApiUsername ]" name="Testing the [ Built ] version of [ Celerium.AutoTask ] with [ HelpComment.Tests.ps1 ].[ Celerium.AutoTask ] module help tests.[ Add-AutoTaskAPIKey ].[ Add-AutoTaskAPIKey ] - Parameter has a description - [ ApiUsername ]" time="0.0105" asserts="0" success="True" result="Success" executed="True" />
                          <test-case description="[ Add-AutoTaskAPIKey ] - Parameter has a description - [ ApiSecretKey ]" name="Testing the [ Built ] version of [ Celerium.AutoTask ] with [ HelpComment.Tests.ps1 ].[ Celerium.AutoTask ] module help tests.[ Add-AutoTaskAPIKey ].[ Add-AutoTaskAPIKey ] - Parameter has a description - [ ApiSecretKey ]" time="0.0146" asserts="0" success="True" result="Success" executed="True" />
                          <test-case description="[ Add-AutoTaskAPIKey ] - Parameter has a description - [ ApiKeySecureString ]" name="Testing the [ Built ] version of [ Celerium.AutoTask ] with [ HelpComment.Tests.ps1 ].[ Celerium.AutoTask ] module help tests.[ Add-AutoTaskAPIKey ].[ Add-AutoTaskAPIKey ] - Parameter has a description - [ ApiKeySecureString ]" time="0.0081" asserts="0" success="True" result="Success" executed="True" />
                          <test-case description="[ Add-AutoTaskAPIKey ] - Parameter has a description - [ ApiIntegrationCode ]" name="Testing the [ Built ] version of [ Celerium.AutoTask ] with [ HelpComment.Tests.ps1 ].[ Celerium.AutoTask ] module help tests.[ Add-AutoTaskAPIKey ].[ Add-AutoTaskAPIKey ] - Parameter has a description - [ ApiIntegrationCode ]" time="0.0158" asserts="0" success="True" result="Success" executed="True" />
                        </results>
                      </test-suite>
                      <test-suite type="ParameterizedTest" name="Testing the [ Built ] version of [ Celerium.AutoTask ] with [ HelpComment.Tests.ps1 ].[ Celerium.AutoTask ] module help tests.[ Add-AutoTaskAPIKey ].[ Add-AutoTaskAPIKey ] - Example has example code &amp; description   - [ &lt;_.title -replace '-'.''&gt; ]" executed="True" result="Success" success="True" time="0.0349" asserts="0" description="[ Add-AutoTaskAPIKey ] - Example has example code &amp; description   - [ &lt;_.title -replace '-'.''&gt; ]">
                        <results>
                          <test-case description="[ Add-AutoTaskAPIKey ] - Example has example code &amp; description   - [  EXAMPLE 1  ]" name="Testing the [ Built ] version of [ Celerium.AutoTask ] with [ HelpComment.Tests.ps1 ].[ Celerium.AutoTask ] module help tests.[ Add-AutoTaskAPIKey ].[ Add-AutoTaskAPIKey ] - Example has example code &amp; description   - [  EXAMPLE 1  ]" time="0.0149" asserts="0" success="True" result="Success" executed="True" />
                          <test-case description="[ Add-AutoTaskAPIKey ] - Example has example code &amp; description   - [  EXAMPLE 2  ]" name="Testing the [ Built ] version of [ Celerium.AutoTask ] with [ HelpComment.Tests.ps1 ].[ Celerium.AutoTask ] module help tests.[ Add-AutoTaskAPIKey ].[ Add-AutoTaskAPIKey ] - Example has example code &amp; description   - [  EXAMPLE 2  ]" time="0.02" asserts="0" success="True" result="Success" executed="True" />
                        </results>
                      </test-suite>
                    </results>
                  </test-suite>
                </results>
              </test-suite>
              <test-suite type="TestFixture" name="Testing the [ Built ] version of [ Celerium.AutoTask ] with [ HelpComment.Tests.ps1 ].[ Celerium.AutoTask ] module help tests" executed="True" result="Failure" success="False" time="1.2646" asserts="0" description="Testing the [ Built ] version of [ Celerium.AutoTask ] with [ HelpComment.Tests.ps1 ].[ Celerium.AutoTask ] module help tests">
                <results>
                  <test-suite type="TestFixture" name="Testing the [ Built ] version of [ Celerium.AutoTask ] with [ HelpComment.Tests.ps1 ].[ Celerium.AutoTask ] module help tests.[ Add-AutoTaskBaseURI ]" executed="True" result="Failure" success="False" time="0.2239" asserts="0" description="Testing the [ Built ] version of [ Celerium.AutoTask ] with [ HelpComment.Tests.ps1 ].[ Celerium.AutoTask ] module help tests.[ Add-AutoTaskBaseURI ]">
                    <results>
                      <test-case description="[ Add-AutoTaskBaseURI ] contains comment based help" name="Testing the [ Built ] version of [ Celerium.AutoTask ] with [ HelpComment.Tests.ps1 ].[ Celerium.AutoTask ] module help tests.[ Add-AutoTaskBaseURI ].[ Add-AutoTaskBaseURI ] contains comment based help" time="0.0123" asserts="0" success="True" result="Success" executed="True" />
                      <test-case description="[ Add-AutoTaskBaseURI ] contains a synopsis" name="Testing the [ Built ] version of [ Celerium.AutoTask ] with [ HelpComment.Tests.ps1 ].[ Celerium.AutoTask ] module help tests.[ Add-AutoTaskBaseURI ].[ Add-AutoTaskBaseURI ] contains a synopsis" time="0.0054" asserts="0" success="True" result="Success" executed="True" />
                      <test-case description="[ Add-AutoTaskBaseURI ] contains a description" name="Testing the [ Built ] version of [ Celerium.AutoTask ] with [ HelpComment.Tests.ps1 ].[ Celerium.AutoTask ] module help tests.[ Add-AutoTaskBaseURI ].[ Add-AutoTaskBaseURI ] contains a description" time="0.0149" asserts="0" success="True" result="Success" executed="True" />
                      <test-case description="[ Add-AutoTaskBaseURI ] contains at least one usage example" name="Testing the [ Built ] version of [ Celerium.AutoTask ] with [ HelpComment.Tests.ps1 ].[ Celerium.AutoTask ] module help tests.[ Add-AutoTaskBaseURI ].[ Add-AutoTaskBaseURI ] contains at least one usage example" time="0.0076" asserts="0" success="True" result="Success" executed="True" />
                      <test-case description="[ Add-AutoTaskBaseURI ] contains a note" name="Testing the [ Built ] version of [ Celerium.AutoTask ] with [ HelpComment.Tests.ps1 ].[ Celerium.AutoTask ] module help tests.[ Add-AutoTaskBaseURI ].[ Add-AutoTaskBaseURI ] contains a note" time="0.012" asserts="0" success="True" result="Success" executed="True" />
                      <test-case description="[ Add-AutoTaskBaseURI ] contains a link" name="Testing the [ Built ] version of [ Celerium.AutoTask ] with [ HelpComment.Tests.ps1 ].[ Celerium.AutoTask ] module help tests.[ Add-AutoTaskBaseURI ].[ Add-AutoTaskBaseURI ] contains a link" time="0.0061" asserts="0" success="True" result="Success" executed="True" />
                      <test-case description="[ Add-AutoTaskBaseURI ] link should return 200" name="Testing the [ Built ] version of [ Celerium.AutoTask ] with [ HelpComment.Tests.ps1 ].[ Celerium.AutoTask ] module help tests.[ Add-AutoTaskBaseURI ].[ Add-AutoTaskBaseURI ] link should return 200" time="0.1024" asserts="0" success="False" result="Failure" executed="True">
                        <failure>
                          <message>Expected '200', but got $null.</message>
                          <stack-trace>at $Link.StatusCode | Should -Be '200', C:\Celerium\Projects\_API\Celerium.AutoTask\tests\HelpComment.Tests.ps1:226
at &lt;ScriptBlock&gt;, C:\Celerium\Projects\_API\Celerium.AutoTask\tests\HelpComment.Tests.ps1:226</stack-trace>
                        </failure>
                      </test-case>
                      <test-suite type="ParameterizedTest" name="Testing the [ Built ] version of [ Celerium.AutoTask ] with [ HelpComment.Tests.ps1 ].[ Celerium.AutoTask ] module help tests.[ Add-AutoTaskBaseURI ].[ Add-AutoTaskBaseURI ] - Parameter has a description - [ &lt;_.name&gt; ]" executed="True" result="Success" success="True" time="0.0232" asserts="0" description="[ Add-AutoTaskBaseURI ] - Parameter has a description - [ &lt;_.name&gt; ]">
                        <results>
                          <test-case description="[ Add-AutoTaskBaseURI ] - Parameter has a description - [ AutoDetect ]" name="Testing the [ Built ] version of [ Celerium.AutoTask ] with [ HelpComment.Tests.ps1 ].[ Celerium.AutoTask ] module help tests.[ Add-AutoTaskBaseURI ].[ Add-AutoTaskBaseURI ] - Parameter has a description - [ AutoDetect ]" time="0.0072" asserts="0" success="True" result="Success" executed="True" />
                          <test-case description="[ Add-AutoTaskBaseURI ] - Parameter has a description - [ Version ]" name="Testing the [ Built ] version of [ Celerium.AutoTask ] with [ HelpComment.Tests.ps1 ].[ Celerium.AutoTask ] module help tests.[ Add-AutoTaskBaseURI ].[ Add-AutoTaskBaseURI ] - Parameter has a description - [ Version ]" time="0.0052" asserts="0" success="True" result="Success" executed="True" />
                          <test-case description="[ Add-AutoTaskBaseURI ] - Parameter has a description - [ BaseUri ]" name="Testing the [ Built ] version of [ Celerium.AutoTask ] with [ HelpComment.Tests.ps1 ].[ Celerium.AutoTask ] module help tests.[ Add-AutoTaskBaseURI ].[ Add-AutoTaskBaseURI ] - Parameter has a description - [ BaseUri ]" time="0.0056" asserts="0" success="True" result="Success" executed="True" />
                          <test-case description="[ Add-AutoTaskBaseURI ] - Parameter has a description - [ DataCenter ]" name="Testing the [ Built ] version of [ Celerium.AutoTask ] with [ HelpComment.Tests.ps1 ].[ Celerium.AutoTask ] module help tests.[ Add-AutoTaskBaseURI ].[ Add-AutoTaskBaseURI ] - Parameter has a description - [ DataCenter ]" time="0.0053" asserts="0" success="True" result="Success" executed="True" />
                        </results>
                      </test-suite>
                      <test-suite type="ParameterizedTest" name="Testing the [ Built ] version of [ Celerium.AutoTask ] with [ HelpComment.Tests.ps1 ].[ Celerium.AutoTask ] module help tests.[ Add-AutoTaskBaseURI ].[ Add-AutoTaskBaseURI ] - Example has example code &amp; description   - [ &lt;_.title -replace '-'.''&gt; ]" executed="True" result="Success" success="True" time="0.0278" asserts="0" description="[ Add-AutoTaskBaseURI ] - Example has example code &amp; description   - [ &lt;_.title -replace '-'.''&gt; ]">
                        <results>
                          <test-case description="[ Add-AutoTaskBaseURI ] - Example has example code &amp; description   - [  EXAMPLE 1  ]" name="Testing the [ Built ] version of [ Celerium.AutoTask ] with [ HelpComment.Tests.ps1 ].[ Celerium.AutoTask ] module help tests.[ Add-AutoTaskBaseURI ].[ Add-AutoTaskBaseURI ] - Example has example code &amp; description   - [  EXAMPLE 1  ]" time="0.0146" asserts="0" success="True" result="Success" executed="True" />
                          <test-case description="[ Add-AutoTaskBaseURI ] - Example has example code &amp; description   - [  EXAMPLE 2  ]" name="Testing the [ Built ] version of [ Celerium.AutoTask ] with [ HelpComment.Tests.ps1 ].[ Celerium.AutoTask ] module help tests.[ Add-AutoTaskBaseURI ].[ Add-AutoTaskBaseURI ] - Example has example code &amp; description   - [  EXAMPLE 2  ]" time="0.0067" asserts="0" success="True" result="Success" executed="True" />
                          <test-case description="[ Add-AutoTaskBaseURI ] - Example has example code &amp; description   - [  EXAMPLE 3  ]" name="Testing the [ Built ] version of [ Celerium.AutoTask ] with [ HelpComment.Tests.ps1 ].[ Celerium.AutoTask ] module help tests.[ Add-AutoTaskBaseURI ].[ Add-AutoTaskBaseURI ] - Example has example code &amp; description   - [  EXAMPLE 3  ]" time="0.0065" asserts="0" success="True" result="Success" executed="True" />
                        </results>
                      </test-suite>
                    </results>
                  </test-suite>
                </results>
              </test-suite>
              <test-suite type="TestFixture" name="Testing the [ Built ] version of [ Celerium.AutoTask ] with [ HelpComment.Tests.ps1 ].[ Celerium.AutoTask ] module help tests" executed="True" result="Failure" success="False" time="1.4463" asserts="0" description="Testing the [ Built ] version of [ Celerium.AutoTask ] with [ HelpComment.Tests.ps1 ].[ Celerium.AutoTask ] module help tests">
                <results>
                  <test-suite type="TestFixture" name="Testing the [ Built ] version of [ Celerium.AutoTask ] with [ HelpComment.Tests.ps1 ].[ Celerium.AutoTask ] module help tests.[ Export-AutoTaskModuleSettings ]" executed="True" result="Failure" success="False" time="0.1736" asserts="0" description="Testing the [ Built ] version of [ Celerium.AutoTask ] with [ HelpComment.Tests.ps1 ].[ Celerium.AutoTask ] module help tests.[ Export-AutoTaskModuleSettings ]">
                    <results>
                      <test-case description="[ Export-AutoTaskModuleSettings ] contains comment based help" name="Testing the [ Built ] version of [ Celerium.AutoTask ] with [ HelpComment.Tests.ps1 ].[ Celerium.AutoTask ] module help tests.[ Export-AutoTaskModuleSettings ].[ Export-AutoTaskModuleSettings ] contains comment based help" time="0.0054" asserts="0" success="True" result="Success" executed="True" />
                      <test-case description="[ Export-AutoTaskModuleSettings ] contains a synopsis" name="Testing the [ Built ] version of [ Celerium.AutoTask ] with [ HelpComment.Tests.ps1 ].[ Celerium.AutoTask ] module help tests.[ Export-AutoTaskModuleSettings ].[ Export-AutoTaskModuleSettings ] contains a synopsis" time="0.0048" asserts="0" success="True" result="Success" executed="True" />
                      <test-case description="[ Export-AutoTaskModuleSettings ] contains a description" name="Testing the [ Built ] version of [ Celerium.AutoTask ] with [ HelpComment.Tests.ps1 ].[ Celerium.AutoTask ] module help tests.[ Export-AutoTaskModuleSettings ].[ Export-AutoTaskModuleSettings ] contains a description" time="0.0049" asserts="0" success="True" result="Success" executed="True" />
                      <test-case description="[ Export-AutoTaskModuleSettings ] contains at least one usage example" name="Testing the [ Built ] version of [ Celerium.AutoTask ] with [ HelpComment.Tests.ps1 ].[ Celerium.AutoTask ] module help tests.[ Export-AutoTaskModuleSettings ].[ Export-AutoTaskModuleSettings ] contains at least one usage example" time="0.0137" asserts="0" success="True" result="Success" executed="True" />
                      <test-case description="[ Export-AutoTaskModuleSettings ] contains a note" name="Testing the [ Built ] version of [ Celerium.AutoTask ] with [ HelpComment.Tests.ps1 ].[ Celerium.AutoTask ] module help tests.[ Export-AutoTaskModuleSettings ].[ Export-AutoTaskModuleSettings ] contains a note" time="0.0049" asserts="0" success="True" result="Success" executed="True" />
                      <test-case description="[ Export-AutoTaskModuleSettings ] contains a link" name="Testing the [ Built ] version of [ Celerium.AutoTask ] with [ HelpComment.Tests.ps1 ].[ Celerium.AutoTask ] module help tests.[ Export-AutoTaskModuleSettings ].[ Export-AutoTaskModuleSettings ] contains a link" time="0.0048" asserts="0" success="True" result="Success" executed="True" />
                      <test-case description="[ Export-AutoTaskModuleSettings ] link should return 200" name="Testing the [ Built ] version of [ Celerium.AutoTask ] with [ HelpComment.Tests.ps1 ].[ Celerium.AutoTask ] module help tests.[ Export-AutoTaskModuleSettings ].[ Export-AutoTaskModuleSettings ] link should return 200" time="0.0825" asserts="0" success="False" result="Failure" executed="True">
                        <failure>
                          <message>Expected '200', but got $null.</message>
                          <stack-trace>at $Link.StatusCode | Should -Be '200', C:\Celerium\Projects\_API\Celerium.AutoTask\tests\HelpComment.Tests.ps1:226
at &lt;ScriptBlock&gt;, C:\Celerium\Projects\_API\Celerium.AutoTask\tests\HelpComment.Tests.ps1:226</stack-trace>
                        </failure>
                      </test-case>
                      <test-suite type="ParameterizedTest" name="Testing the [ Built ] version of [ Celerium.AutoTask ] with [ HelpComment.Tests.ps1 ].[ Celerium.AutoTask ] module help tests.[ Export-AutoTaskModuleSettings ].[ Export-AutoTaskModuleSettings ] - Parameter has a description - [ &lt;_.name&gt; ]" executed="True" result="Success" success="True" time="0.02" asserts="0" description="[ Export-AutoTaskModuleSettings ] - Parameter has a description - [ &lt;_.name&gt; ]">
                        <results>
                          <test-case description="[ Export-AutoTaskModuleSettings ] - Parameter has a description - [ AutoTaskConfigPath ]" name="Testing the [ Built ] version of [ Celerium.AutoTask ] with [ HelpComment.Tests.ps1 ].[ Celerium.AutoTask ] module help tests.[ Export-AutoTaskModuleSettings ].[ Export-AutoTaskModuleSettings ] - Parameter has a description - [ AutoTaskConfigPath ]" time="0.0074" asserts="0" success="True" result="Success" executed="True" />
                          <test-case description="[ Export-AutoTaskModuleSettings ] - Parameter has a description - [ AutoTaskConfigFile ]" name="Testing the [ Built ] version of [ Celerium.AutoTask ] with [ HelpComment.Tests.ps1 ].[ Celerium.AutoTask ] module help tests.[ Export-AutoTaskModuleSettings ].[ Export-AutoTaskModuleSettings ] - Parameter has a description - [ AutoTaskConfigFile ]" time="0.0126" asserts="0" success="True" result="Success" executed="True" />
                        </results>
                      </test-suite>
                      <test-suite type="ParameterizedTest" name="Testing the [ Built ] version of [ Celerium.AutoTask ] with [ HelpComment.Tests.ps1 ].[ Celerium.AutoTask ] module help tests.[ Export-AutoTaskModuleSettings ].[ Export-AutoTaskModuleSettings ] - Example has example code &amp; description   - [ &lt;_.title -replace '-'.''&gt; ]" executed="True" result="Success" success="True" time="0.015" asserts="0" description="[ Export-AutoTaskModuleSettings ] - Example has example code &amp; description   - [ &lt;_.title -replace '-'.''&gt; ]">
                        <results>
                          <test-case description="[ Export-AutoTaskModuleSettings ] - Example has example code &amp; description   - [  EXAMPLE 1  ]" name="Testing the [ Built ] version of [ Celerium.AutoTask ] with [ HelpComment.Tests.ps1 ].[ Celerium.AutoTask ] module help tests.[ Export-AutoTaskModuleSettings ].[ Export-AutoTaskModuleSettings ] - Example has example code &amp; description   - [  EXAMPLE 1  ]" time="0.008" asserts="0" success="True" result="Success" executed="True" />
                          <test-case description="[ Export-AutoTaskModuleSettings ] - Example has example code &amp; description   - [  EXAMPLE 2  ]" name="Testing the [ Built ] version of [ Celerium.AutoTask ] with [ HelpComment.Tests.ps1 ].[ Celerium.AutoTask ] module help tests.[ Export-AutoTaskModuleSettings ].[ Export-AutoTaskModuleSettings ] - Example has example code &amp; description   - [  EXAMPLE 2  ]" time="0.007" asserts="0" success="True" result="Success" executed="True" />
                        </results>
                      </test-suite>
                    </results>
                  </test-suite>
                </results>
              </test-suite>
              <test-suite type="TestFixture" name="Testing the [ Built ] version of [ Celerium.AutoTask ] with [ HelpComment.Tests.ps1 ].[ Celerium.AutoTask ] module help tests" executed="True" result="Failure" success="False" time="1.6276" asserts="0" description="Testing the [ Built ] version of [ Celerium.AutoTask ] with [ HelpComment.Tests.ps1 ].[ Celerium.AutoTask ] module help tests">
                <results>
                  <test-suite type="TestFixture" name="Testing the [ Built ] version of [ Celerium.AutoTask ] with [ HelpComment.Tests.ps1 ].[ Celerium.AutoTask ] module help tests.[ Get-AutoTaskAPIKey ]" executed="True" result="Failure" success="False" time="0.1669" asserts="0" description="Testing the [ Built ] version of [ Celerium.AutoTask ] with [ HelpComment.Tests.ps1 ].[ Celerium.AutoTask ] module help tests.[ Get-AutoTaskAPIKey ]">
                    <results>
                      <test-case description="[ Get-AutoTaskAPIKey ] contains comment based help" name="Testing the [ Built ] version of [ Celerium.AutoTask ] with [ HelpComment.Tests.ps1 ].[ Celerium.AutoTask ] module help tests.[ Get-AutoTaskAPIKey ].[ Get-AutoTaskAPIKey ] contains comment based help" time="0.0053" asserts="0" success="True" result="Success" executed="True" />
                      <test-case description="[ Get-AutoTaskAPIKey ] contains a synopsis" name="Testing the [ Built ] version of [ Celerium.AutoTask ] with [ HelpComment.Tests.ps1 ].[ Celerium.AutoTask ] module help tests.[ Get-AutoTaskAPIKey ].[ Get-AutoTaskAPIKey ] contains a synopsis" time="0.0048" asserts="0" success="True" result="Success" executed="True" />
                      <test-case description="[ Get-AutoTaskAPIKey ] contains a description" name="Testing the [ Built ] version of [ Celerium.AutoTask ] with [ HelpComment.Tests.ps1 ].[ Celerium.AutoTask ] module help tests.[ Get-AutoTaskAPIKey ].[ Get-AutoTaskAPIKey ] contains a description" time="0.0048" asserts="0" success="True" result="Success" executed="True" />
                      <test-case description="[ Get-AutoTaskAPIKey ] contains at least one usage example" name="Testing the [ Built ] version of [ Celerium.AutoTask ] with [ HelpComment.Tests.ps1 ].[ Celerium.AutoTask ] module help tests.[ Get-AutoTaskAPIKey ].[ Get-AutoTaskAPIKey ] contains at least one usage example" time="0.0063" asserts="0" success="True" result="Success" executed="True" />
                      <test-case description="[ Get-AutoTaskAPIKey ] contains a note" name="Testing the [ Built ] version of [ Celerium.AutoTask ] with [ HelpComment.Tests.ps1 ].[ Celerium.AutoTask ] module help tests.[ Get-AutoTaskAPIKey ].[ Get-AutoTaskAPIKey ] contains a note" time="0.0101" asserts="0" success="True" result="Success" executed="True" />
                      <test-case description="[ Get-AutoTaskAPIKey ] contains a link" name="Testing the [ Built ] version of [ Celerium.AutoTask ] with [ HelpComment.Tests.ps1 ].[ Celerium.AutoTask ] module help tests.[ Get-AutoTaskAPIKey ].[ Get-AutoTaskAPIKey ] contains a link" time="0.0048" asserts="0" success="True" result="Success" executed="True" />
                      <test-case description="[ Get-AutoTaskAPIKey ] link should return 200" name="Testing the [ Built ] version of [ Celerium.AutoTask ] with [ HelpComment.Tests.ps1 ].[ Celerium.AutoTask ] module help tests.[ Get-AutoTaskAPIKey ].[ Get-AutoTaskAPIKey ] link should return 200" time="0.0916" asserts="0" success="False" result="Failure" executed="True">
                        <failure>
                          <message>Expected '200', but got $null.</message>
                          <stack-trace>at $Link.StatusCode | Should -Be '200', C:\Celerium\Projects\_API\Celerium.AutoTask\tests\HelpComment.Tests.ps1:226
at &lt;ScriptBlock&gt;, C:\Celerium\Projects\_API\Celerium.AutoTask\tests\HelpComment.Tests.ps1:226</stack-trace>
                        </failure>
                      </test-case>
                      <test-suite type="ParameterizedTest" name="Testing the [ Built ] version of [ Celerium.AutoTask ] with [ HelpComment.Tests.ps1 ].[ Celerium.AutoTask ] module help tests.[ Get-AutoTaskAPIKey ].[ Get-AutoTaskAPIKey ] - Parameter has a description - [ &lt;_.name&gt; ]" executed="True" result="Success" success="True" time="0.0068" asserts="0" description="[ Get-AutoTaskAPIKey ] - Parameter has a description - [ &lt;_.name&gt; ]">
                        <results>
                          <test-case description="[ Get-AutoTaskAPIKey ] - Parameter has a description - [ AsPlainText ]" name="Testing the [ Built ] version of [ Celerium.AutoTask ] with [ HelpComment.Tests.ps1 ].[ Celerium.AutoTask ] module help tests.[ Get-AutoTaskAPIKey ].[ Get-AutoTaskAPIKey ] - Parameter has a description - [ AsPlainText ]" time="0.0068" asserts="0" success="True" result="Success" executed="True" />
                        </results>
                      </test-suite>
                      <test-suite type="ParameterizedTest" name="Testing the [ Built ] version of [ Celerium.AutoTask ] with [ HelpComment.Tests.ps1 ].[ Celerium.AutoTask ] module help tests.[ Get-AutoTaskAPIKey ].[ Get-AutoTaskAPIKey ] - Example has example code &amp; description   - [ &lt;_.title -replace '-'.''&gt; ]" executed="True" result="Success" success="True" time="0.0215" asserts="0" description="[ Get-AutoTaskAPIKey ] - Example has example code &amp; description   - [ &lt;_.title -replace '-'.''&gt; ]">
                        <results>
                          <test-case description="[ Get-AutoTaskAPIKey ] - Example has example code &amp; description   - [  EXAMPLE 1  ]" name="Testing the [ Built ] version of [ Celerium.AutoTask ] with [ HelpComment.Tests.ps1 ].[ Celerium.AutoTask ] module help tests.[ Get-AutoTaskAPIKey ].[ Get-AutoTaskAPIKey ] - Example has example code &amp; description   - [  EXAMPLE 1  ]" time="0.0148" asserts="0" success="True" result="Success" executed="True" />
                          <test-case description="[ Get-AutoTaskAPIKey ] - Example has example code &amp; description   - [  EXAMPLE 2  ]" name="Testing the [ Built ] version of [ Celerium.AutoTask ] with [ HelpComment.Tests.ps1 ].[ Celerium.AutoTask ] module help tests.[ Get-AutoTaskAPIKey ].[ Get-AutoTaskAPIKey ] - Example has example code &amp; description   - [  EXAMPLE 2  ]" time="0.0067" asserts="0" success="True" result="Success" executed="True" />
                        </results>
                      </test-suite>
                    </results>
                  </test-suite>
                </results>
              </test-suite>
              <test-suite type="TestFixture" name="Testing the [ Built ] version of [ Celerium.AutoTask ] with [ HelpComment.Tests.ps1 ].[ Celerium.AutoTask ] module help tests" executed="True" result="Failure" success="False" time="1.8134" asserts="0" description="Testing the [ Built ] version of [ Celerium.AutoTask ] with [ HelpComment.Tests.ps1 ].[ Celerium.AutoTask ] module help tests">
                <results>
                  <test-suite type="TestFixture" name="Testing the [ Built ] version of [ Celerium.AutoTask ] with [ HelpComment.Tests.ps1 ].[ Celerium.AutoTask ] module help tests.[ Get-AutoTaskBaseURI ]" executed="True" result="Failure" success="False" time="0.1778" asserts="0" description="Testing the [ Built ] version of [ Celerium.AutoTask ] with [ HelpComment.Tests.ps1 ].[ Celerium.AutoTask ] module help tests.[ Get-AutoTaskBaseURI ]">
                    <results>
                      <test-case description="[ Get-AutoTaskBaseURI ] contains comment based help" name="Testing the [ Built ] version of [ Celerium.AutoTask ] with [ HelpComment.Tests.ps1 ].[ Celerium.AutoTask ] module help tests.[ Get-AutoTaskBaseURI ].[ Get-AutoTaskBaseURI ] contains comment based help" time="0.0123" asserts="0" success="True" result="Success" executed="True" />
                      <test-case description="[ Get-AutoTaskBaseURI ] contains a synopsis" name="Testing the [ Built ] version of [ Celerium.AutoTask ] with [ HelpComment.Tests.ps1 ].[ Celerium.AutoTask ] module help tests.[ Get-AutoTaskBaseURI ].[ Get-AutoTaskBaseURI ] contains a synopsis" time="0.0049" asserts="0" success="True" result="Success" executed="True" />
                      <test-case description="[ Get-AutoTaskBaseURI ] contains a description" name="Testing the [ Built ] version of [ Celerium.AutoTask ] with [ HelpComment.Tests.ps1 ].[ Celerium.AutoTask ] module help tests.[ Get-AutoTaskBaseURI ].[ Get-AutoTaskBaseURI ] contains a description" time="0.0046" asserts="0" success="True" result="Success" executed="True" />
                      <test-case description="[ Get-AutoTaskBaseURI ] contains at least one usage example" name="Testing the [ Built ] version of [ Celerium.AutoTask ] with [ HelpComment.Tests.ps1 ].[ Celerium.AutoTask ] module help tests.[ Get-AutoTaskBaseURI ].[ Get-AutoTaskBaseURI ] contains at least one usage example" time="0.0062" asserts="0" success="True" result="Success" executed="True" />
                      <test-case description="[ Get-AutoTaskBaseURI ] contains a note" name="Testing the [ Built ] version of [ Celerium.AutoTask ] with [ HelpComment.Tests.ps1 ].[ Celerium.AutoTask ] module help tests.[ Get-AutoTaskBaseURI ].[ Get-AutoTaskBaseURI ] contains a note" time="0.0046" asserts="0" success="True" result="Success" executed="True" />
                      <test-case description="[ Get-AutoTaskBaseURI ] contains a link" name="Testing the [ Built ] version of [ Celerium.AutoTask ] with [ HelpComment.Tests.ps1 ].[ Celerium.AutoTask ] module help tests.[ Get-AutoTaskBaseURI ].[ Get-AutoTaskBaseURI ] contains a link" time="0.011" asserts="0" success="True" result="Success" executed="True" />
                      <test-case description="[ Get-AutoTaskBaseURI ] link should return 200" name="Testing the [ Built ] version of [ Celerium.AutoTask ] with [ HelpComment.Tests.ps1 ].[ Celerium.AutoTask ] module help tests.[ Get-AutoTaskBaseURI ].[ Get-AutoTaskBaseURI ] link should return 200" time="0.094" asserts="0" success="False" result="Failure" executed="True">
                        <failure>
                          <message>Expected '200', but got $null.</message>
                          <stack-trace>at $Link.StatusCode | Should -Be '200', C:\Celerium\Projects\_API\Celerium.AutoTask\tests\HelpComment.Tests.ps1:226
at &lt;ScriptBlock&gt;, C:\Celerium\Projects\_API\Celerium.AutoTask\tests\HelpComment.Tests.ps1:226</stack-trace>
                        </failure>
                      </test-case>
                      <test-suite type="ParameterizedTest" name="Testing the [ Built ] version of [ Celerium.AutoTask ] with [ HelpComment.Tests.ps1 ].[ Celerium.AutoTask ] module help tests.[ Get-AutoTaskBaseURI ].[ Get-AutoTaskBaseURI ] - Parameter has a description - [ &lt;_.name&gt; ]" executed="True" result="Success" success="True" time="0.007" asserts="0" description="[ Get-AutoTaskBaseURI ] - Parameter has a description - [ &lt;_.name&gt; ]">
                        <results>
                          <test-case description="[ Get-AutoTaskBaseURI ] - Parameter has a description - [ AndApiUri ]" name="Testing the [ Built ] version of [ Celerium.AutoTask ] with [ HelpComment.Tests.ps1 ].[ Celerium.AutoTask ] module help tests.[ Get-AutoTaskBaseURI ].[ Get-AutoTaskBaseURI ] - Parameter has a description - [ AndApiUri ]" time="0.007" asserts="0" success="True" result="Success" executed="True" />
                        </results>
                      </test-suite>
                      <test-suite type="ParameterizedTest" name="Testing the [ Built ] version of [ Celerium.AutoTask ] with [ HelpComment.Tests.ps1 ].[ Celerium.AutoTask ] module help tests.[ Get-AutoTaskBaseURI ].[ Get-AutoTaskBaseURI ] - Example has example code &amp; description   - [ &lt;_.title -replace '-'.''&gt; ]" executed="True" result="Success" success="True" time="0.0219" asserts="0" description="[ Get-AutoTaskBaseURI ] - Example has example code &amp; description   - [ &lt;_.title -replace '-'.''&gt; ]">
                        <results>
                          <test-case description="[ Get-AutoTaskBaseURI ] - Example has example code &amp; description   - [  EXAMPLE 1  ]" name="Testing the [ Built ] version of [ Celerium.AutoTask ] with [ HelpComment.Tests.ps1 ].[ Celerium.AutoTask ] module help tests.[ Get-AutoTaskBaseURI ].[ Get-AutoTaskBaseURI ] - Example has example code &amp; description   - [  EXAMPLE 1  ]" time="0.0151" asserts="0" success="True" result="Success" executed="True" />
                          <test-case description="[ Get-AutoTaskBaseURI ] - Example has example code &amp; description   - [  EXAMPLE 2  ]" name="Testing the [ Built ] version of [ Celerium.AutoTask ] with [ HelpComment.Tests.ps1 ].[ Celerium.AutoTask ] module help tests.[ Get-AutoTaskBaseURI ].[ Get-AutoTaskBaseURI ] - Example has example code &amp; description   - [  EXAMPLE 2  ]" time="0.0068" asserts="0" success="True" result="Success" executed="True" />
                        </results>
                      </test-suite>
                    </results>
                  </test-suite>
                </results>
              </test-suite>
              <test-suite type="TestFixture" name="Testing the [ Built ] version of [ Celerium.AutoTask ] with [ HelpComment.Tests.ps1 ].[ Celerium.AutoTask ] module help tests" executed="True" result="Failure" success="False" time="2.0073" asserts="0" description="Testing the [ Built ] version of [ Celerium.AutoTask ] with [ HelpComment.Tests.ps1 ].[ Celerium.AutoTask ] module help tests">
                <results>
                  <test-suite type="TestFixture" name="Testing the [ Built ] version of [ Celerium.AutoTask ] with [ HelpComment.Tests.ps1 ].[ Celerium.AutoTask ] module help tests.[ Get-AutoTaskModuleSettings ]" executed="True" result="Failure" success="False" time="0.1859" asserts="0" description="Testing the [ Built ] version of [ Celerium.AutoTask ] with [ HelpComment.Tests.ps1 ].[ Celerium.AutoTask ] module help tests.[ Get-AutoTaskModuleSettings ]">
                    <results>
                      <test-case description="[ Get-AutoTaskModuleSettings ] contains comment based help" name="Testing the [ Built ] version of [ Celerium.AutoTask ] with [ HelpComment.Tests.ps1 ].[ Celerium.AutoTask ] module help tests.[ Get-AutoTaskModuleSettings ].[ Get-AutoTaskModuleSettings ] contains comment based help" time="0.0119" asserts="0" success="True" result="Success" executed="True" />
                      <test-case description="[ Get-AutoTaskModuleSettings ] contains a synopsis" name="Testing the [ Built ] version of [ Celerium.AutoTask ] with [ HelpComment.Tests.ps1 ].[ Celerium.AutoTask ] module help tests.[ Get-AutoTaskModuleSettings ].[ Get-AutoTaskModuleSettings ] contains a synopsis" time="0.005" asserts="0" success="True" result="Success" executed="True" />
                      <test-case description="[ Get-AutoTaskModuleSettings ] contains a description" name="Testing the [ Built ] version of [ Celerium.AutoTask ] with [ HelpComment.Tests.ps1 ].[ Celerium.AutoTask ] module help tests.[ Get-AutoTaskModuleSettings ].[ Get-AutoTaskModuleSettings ] contains a description" time="0.0047" asserts="0" success="True" result="Success" executed="True" />
                      <test-case description="[ Get-AutoTaskModuleSettings ] contains at least one usage example" name="Testing the [ Built ] version of [ Celerium.AutoTask ] with [ HelpComment.Tests.ps1 ].[ Celerium.AutoTask ] module help tests.[ Get-AutoTaskModuleSettings ].[ Get-AutoTaskModuleSettings ] contains at least one usage example" time="0.0062" asserts="0" success="True" result="Success" executed="True" />
                      <test-case description="[ Get-AutoTaskModuleSettings ] contains a note" name="Testing the [ Built ] version of [ Celerium.AutoTask ] with [ HelpComment.Tests.ps1 ].[ Celerium.AutoTask ] module help tests.[ Get-AutoTaskModuleSettings ].[ Get-AutoTaskModuleSettings ] contains a note" time="0.0046" asserts="0" success="True" result="Success" executed="True" />
                      <test-case description="[ Get-AutoTaskModuleSettings ] contains a link" name="Testing the [ Built ] version of [ Celerium.AutoTask ] with [ HelpComment.Tests.ps1 ].[ Celerium.AutoTask ] module help tests.[ Get-AutoTaskModuleSettings ].[ Get-AutoTaskModuleSettings ] contains a link" time="0.0048" asserts="0" success="True" result="Success" executed="True" />
                      <test-case description="[ Get-AutoTaskModuleSettings ] link should return 200" name="Testing the [ Built ] version of [ Celerium.AutoTask ] with [ HelpComment.Tests.ps1 ].[ Celerium.AutoTask ] module help tests.[ Get-AutoTaskModuleSettings ].[ Get-AutoTaskModuleSettings ] link should return 200" time="0.0965" asserts="0" success="False" result="Failure" executed="True">
                        <failure>
                          <message>Expected '200', but got $null.</message>
                          <stack-trace>at $Link.StatusCode | Should -Be '200', C:\Celerium\Projects\_API\Celerium.AutoTask\tests\HelpComment.Tests.ps1:226
at &lt;ScriptBlock&gt;, C:\Celerium\Projects\_API\Celerium.AutoTask\tests\HelpComment.Tests.ps1:226</stack-trace>
                        </failure>
                      </test-case>
                      <test-suite type="ParameterizedTest" name="Testing the [ Built ] version of [ Celerium.AutoTask ] with [ HelpComment.Tests.ps1 ].[ Celerium.AutoTask ] module help tests.[ Get-AutoTaskModuleSettings ].[ Get-AutoTaskModuleSettings ] - Parameter has a description - [ &lt;_.name&gt; ]" executed="True" result="Success" success="True" time="0.018" asserts="0" description="[ Get-AutoTaskModuleSettings ] - Parameter has a description - [ &lt;_.name&gt; ]">
                        <results>
                          <test-case description="[ Get-AutoTaskModuleSettings ] - Parameter has a description - [ AutoTaskConfigPath ]" name="Testing the [ Built ] version of [ Celerium.AutoTask ] with [ HelpComment.Tests.ps1 ].[ Celerium.AutoTask ] module help tests.[ Get-AutoTaskModuleSettings ].[ Get-AutoTaskModuleSettings ] - Parameter has a description - [ AutoTaskConfigPath ]" time="0.0071" asserts="0" success="True" result="Success" executed="True" />
                          <test-case description="[ Get-AutoTaskModuleSettings ] - Parameter has a description - [ AutoTaskConfigFile ]" name="Testing the [ Built ] version of [ Celerium.AutoTask ] with [ HelpComment.Tests.ps1 ].[ Celerium.AutoTask ] module help tests.[ Get-AutoTaskModuleSettings ].[ Get-AutoTaskModuleSettings ] - Parameter has a description - [ AutoTaskConfigFile ]" time="0.0057" asserts="0" success="True" result="Success" executed="True" />
                          <test-case description="[ Get-AutoTaskModuleSettings ] - Parameter has a description - [ OpenConfigFile ]" name="Testing the [ Built ] version of [ Celerium.AutoTask ] with [ HelpComment.Tests.ps1 ].[ Celerium.AutoTask ] module help tests.[ Get-AutoTaskModuleSettings ].[ Get-AutoTaskModuleSettings ] - Parameter has a description - [ OpenConfigFile ]" time="0.0052" asserts="0" success="True" result="Success" executed="True" />
                        </results>
                      </test-suite>
                      <test-suite type="ParameterizedTest" name="Testing the [ Built ] version of [ Celerium.AutoTask ] with [ HelpComment.Tests.ps1 ].[ Celerium.AutoTask ] module help tests.[ Get-AutoTaskModuleSettings ].[ Get-AutoTaskModuleSettings ] - Example has example code &amp; description   - [ &lt;_.title -replace '-'.''&gt; ]" executed="True" result="Success" success="True" time="0.0229" asserts="0" description="[ Get-AutoTaskModuleSettings ] - Example has example code &amp; description   - [ &lt;_.title -replace '-'.''&gt; ]">
                        <results>
                          <test-case description="[ Get-AutoTaskModuleSettings ] - Example has example code &amp; description   - [  EXAMPLE 1  ]" name="Testing the [ Built ] version of [ Celerium.AutoTask ] with [ HelpComment.Tests.ps1 ].[ Celerium.AutoTask ] module help tests.[ Get-AutoTaskModuleSettings ].[ Get-AutoTaskModuleSettings ] - Example has example code &amp; description   - [  EXAMPLE 1  ]" time="0.0162" asserts="0" success="True" result="Success" executed="True" />
                          <test-case description="[ Get-AutoTaskModuleSettings ] - Example has example code &amp; description   - [  EXAMPLE 2  ]" name="Testing the [ Built ] version of [ Celerium.AutoTask ] with [ HelpComment.Tests.ps1 ].[ Celerium.AutoTask ] module help tests.[ Get-AutoTaskModuleSettings ].[ Get-AutoTaskModuleSettings ] - Example has example code &amp; description   - [  EXAMPLE 2  ]" time="0.0067" asserts="0" success="True" result="Success" executed="True" />
                        </results>
                      </test-suite>
                    </results>
                  </test-suite>
                </results>
              </test-suite>
              <test-suite type="TestFixture" name="Testing the [ Built ] version of [ Celerium.AutoTask ] with [ HelpComment.Tests.ps1 ].[ Celerium.AutoTask ] module help tests" executed="True" result="Failure" success="False" time="2.2287" asserts="0" description="Testing the [ Built ] version of [ Celerium.AutoTask ] with [ HelpComment.Tests.ps1 ].[ Celerium.AutoTask ] module help tests">
                <results>
                  <test-suite type="TestFixture" name="Testing the [ Built ] version of [ Celerium.AutoTask ] with [ HelpComment.Tests.ps1 ].[ Celerium.AutoTask ] module help tests.[ Get-AutoTaskResource ]" executed="True" result="Failure" success="False" time="0.2131" asserts="0" description="Testing the [ Built ] version of [ Celerium.AutoTask ] with [ HelpComment.Tests.ps1 ].[ Celerium.AutoTask ] module help tests.[ Get-AutoTaskResource ]">
                    <results>
                      <test-case description="[ Get-AutoTaskResource ] contains comment based help" name="Testing the [ Built ] version of [ Celerium.AutoTask ] with [ HelpComment.Tests.ps1 ].[ Celerium.AutoTask ] module help tests.[ Get-AutoTaskResource ].[ Get-AutoTaskResource ] contains comment based help" time="0.0051" asserts="0" success="True" result="Success" executed="True" />
                      <test-case description="[ Get-AutoTaskResource ] contains a synopsis" name="Testing the [ Built ] version of [ Celerium.AutoTask ] with [ HelpComment.Tests.ps1 ].[ Celerium.AutoTask ] module help tests.[ Get-AutoTaskResource ].[ Get-AutoTaskResource ] contains a synopsis" time="0.0107" asserts="0" success="True" result="Success" executed="True" />
                      <test-case description="[ Get-AutoTaskResource ] contains a description" name="Testing the [ Built ] version of [ Celerium.AutoTask ] with [ HelpComment.Tests.ps1 ].[ Celerium.AutoTask ] module help tests.[ Get-AutoTaskResource ].[ Get-AutoTaskResource ] contains a description" time="0.0047" asserts="0" success="True" result="Success" executed="True" />
                      <test-case description="[ Get-AutoTaskResource ] contains at least one usage example" name="Testing the [ Built ] version of [ Celerium.AutoTask ] with [ HelpComment.Tests.ps1 ].[ Celerium.AutoTask ] module help tests.[ Get-AutoTaskResource ].[ Get-AutoTaskResource ] contains at least one usage example" time="0.0062" asserts="0" success="True" result="Success" executed="True" />
                      <test-case description="[ Get-AutoTaskResource ] contains a note" name="Testing the [ Built ] version of [ Celerium.AutoTask ] with [ HelpComment.Tests.ps1 ].[ Celerium.AutoTask ] module help tests.[ Get-AutoTaskResource ].[ Get-AutoTaskResource ] contains a note" time="0.0047" asserts="0" success="True" result="Success" executed="True" />
                      <test-case description="[ Get-AutoTaskResource ] contains a link" name="Testing the [ Built ] version of [ Celerium.AutoTask ] with [ HelpComment.Tests.ps1 ].[ Celerium.AutoTask ] module help tests.[ Get-AutoTaskResource ].[ Get-AutoTaskResource ] contains a link" time="0.0046" asserts="0" success="True" result="Success" executed="True" />
                      <test-case description="[ Get-AutoTaskResource ] link should return 200" name="Testing the [ Built ] version of [ Celerium.AutoTask ] with [ HelpComment.Tests.ps1 ].[ Celerium.AutoTask ] module help tests.[ Get-AutoTaskResource ].[ Get-AutoTaskResource ] link should return 200" time="0.0909" asserts="0" success="False" result="Failure" executed="True">
                        <failure>
                          <message>Expected '200', but got $null.</message>
                          <stack-trace>at $Link.StatusCode | Should -Be '200', C:\Celerium\Projects\_API\Celerium.AutoTask\tests\HelpComment.Tests.ps1:226
at &lt;ScriptBlock&gt;, C:\Celerium\Projects\_API\Celerium.AutoTask\tests\HelpComment.Tests.ps1:226</stack-trace>
                        </failure>
                      </test-case>
                      <test-suite type="ParameterizedTest" name="Testing the [ Built ] version of [ Celerium.AutoTask ] with [ HelpComment.Tests.ps1 ].[ Celerium.AutoTask ] module help tests.[ Get-AutoTaskResource ].[ Get-AutoTaskResource ] - Parameter has a description - [ &lt;_.name&gt; ]" executed="True" result="Success" success="True" time="0.0475" asserts="0" description="[ Get-AutoTaskResource ] - Parameter has a description - [ &lt;_.name&gt; ]">
                        <results>
                          <test-case description="[ Get-AutoTaskResource ] - Parameter has a description - [ ID ]" name="Testing the [ Built ] version of [ Celerium.AutoTask ] with [ HelpComment.Tests.ps1 ].[ Celerium.AutoTask ] module help tests.[ Get-AutoTaskResource ].[ Get-AutoTaskResource ] - Parameter has a description - [ ID ]" time="0.0137" asserts="0" success="True" result="Success" executed="True" />
                          <test-case description="[ Get-AutoTaskResource ] - Parameter has a description - [ ChildID ]" name="Testing the [ Built ] version of [ Celerium.AutoTask ] with [ HelpComment.Tests.ps1 ].[ Celerium.AutoTask ] module help tests.[ Get-AutoTaskResource ].[ Get-AutoTaskResource ] - Parameter has a description - [ ChildID ]" time="0.0054" asserts="0" success="True" result="Success" executed="True" />
                          <test-case description="[ Get-AutoTaskResource ] - Parameter has a description - [ SimpleSearch ]" name="Testing the [ Built ] version of [ Celerium.AutoTask ] with [ HelpComment.Tests.ps1 ].[ Celerium.AutoTask ] module help tests.[ Get-AutoTaskResource ].[ Get-AutoTaskResource ] - Parameter has a description - [ SimpleSearch ]" time="0.0055" asserts="0" success="True" result="Success" executed="True" />
                          <test-case description="[ Get-AutoTaskResource ] - Parameter has a description - [ AdvancedSearch ]" name="Testing the [ Built ] version of [ Celerium.AutoTask ] with [ HelpComment.Tests.ps1 ].[ Celerium.AutoTask ] module help tests.[ Get-AutoTaskResource ].[ Get-AutoTaskResource ] - Parameter has a description - [ AdvancedSearch ]" time="0.0056" asserts="0" success="True" result="Success" executed="True" />
                          <test-case description="[ Get-AutoTaskResource ] - Parameter has a description - [ Method ]" name="Testing the [ Built ] version of [ Celerium.AutoTask ] with [ HelpComment.Tests.ps1 ].[ Celerium.AutoTask ] module help tests.[ Get-AutoTaskResource ].[ Get-AutoTaskResource ] - Parameter has a description - [ Method ]" time="0.0057" asserts="0" success="True" result="Success" executed="True" />
                          <test-case description="[ Get-AutoTaskResource ] - Parameter has a description - [ AllResults ]" name="Testing the [ Built ] version of [ Celerium.AutoTask ] with [ HelpComment.Tests.ps1 ].[ Celerium.AutoTask ] module help tests.[ Get-AutoTaskResource ].[ Get-AutoTaskResource ] - Parameter has a description - [ AllResults ]" time="0.0117" asserts="0" success="True" result="Success" executed="True" />
                        </results>
                      </test-suite>
                      <test-suite type="ParameterizedTest" name="Testing the [ Built ] version of [ Celerium.AutoTask ] with [ HelpComment.Tests.ps1 ].[ Celerium.AutoTask ] module help tests.[ Get-AutoTaskResource ].[ Get-AutoTaskResource ] - Example has example code &amp; description   - [ &lt;_.title -replace '-'.''&gt; ]" executed="True" result="Success" success="True" time="0.0207" asserts="0" description="[ Get-AutoTaskResource ] - Example has example code &amp; description   - [ &lt;_.title -replace '-'.''&gt; ]">
                        <results>
                          <test-case description="[ Get-AutoTaskResource ] - Example has example code &amp; description   - [  EXAMPLE 1  ]" name="Testing the [ Built ] version of [ Celerium.AutoTask ] with [ HelpComment.Tests.ps1 ].[ Celerium.AutoTask ] module help tests.[ Get-AutoTaskResource ].[ Get-AutoTaskResource ] - Example has example code &amp; description   - [  EXAMPLE 1  ]" time="0.0079" asserts="0" success="True" result="Success" executed="True" />
                          <test-case description="[ Get-AutoTaskResource ] - Example has example code &amp; description   - [  EXAMPLE 2  ]" name="Testing the [ Built ] version of [ Celerium.AutoTask ] with [ HelpComment.Tests.ps1 ].[ Celerium.AutoTask ] module help tests.[ Get-AutoTaskResource ].[ Get-AutoTaskResource ] - Example has example code &amp; description   - [  EXAMPLE 2  ]" time="0.0064" asserts="0" success="True" result="Success" executed="True" />
                          <test-case description="[ Get-AutoTaskResource ] - Example has example code &amp; description   - [  EXAMPLE 3  ]" name="Testing the [ Built ] version of [ Celerium.AutoTask ] with [ HelpComment.Tests.ps1 ].[ Celerium.AutoTask ] module help tests.[ Get-AutoTaskResource ].[ Get-AutoTaskResource ] - Example has example code &amp; description   - [  EXAMPLE 3  ]" time="0.0064" asserts="0" success="True" result="Success" executed="True" />
                        </results>
                      </test-suite>
                    </results>
                  </test-suite>
                </results>
              </test-suite>
              <test-suite type="TestFixture" name="Testing the [ Built ] version of [ Celerium.AutoTask ] with [ HelpComment.Tests.ps1 ].[ Celerium.AutoTask ] module help tests" executed="True" result="Failure" success="False" time="2.4072" asserts="0" description="Testing the [ Built ] version of [ Celerium.AutoTask ] with [ HelpComment.Tests.ps1 ].[ Celerium.AutoTask ] module help tests">
                <results>
                  <test-suite type="TestFixture" name="Testing the [ Built ] version of [ Celerium.AutoTask ] with [ HelpComment.Tests.ps1 ].[ Celerium.AutoTask ] module help tests.[ Import-AutoTaskModuleSettings ]" executed="True" result="Failure" success="False" time="0.1704" asserts="0" description="Testing the [ Built ] version of [ Celerium.AutoTask ] with [ HelpComment.Tests.ps1 ].[ Celerium.AutoTask ] module help tests.[ Import-AutoTaskModuleSettings ]">
                    <results>
                      <test-case description="[ Import-AutoTaskModuleSettings ] contains comment based help" name="Testing the [ Built ] version of [ Celerium.AutoTask ] with [ HelpComment.Tests.ps1 ].[ Celerium.AutoTask ] module help tests.[ Import-AutoTaskModuleSettings ].[ Import-AutoTaskModuleSettings ] contains comment based help" time="0.0052" asserts="0" success="True" result="Success" executed="True" />
                      <test-case description="[ Import-AutoTaskModuleSettings ] contains a synopsis" name="Testing the [ Built ] version of [ Celerium.AutoTask ] with [ HelpComment.Tests.ps1 ].[ Celerium.AutoTask ] module help tests.[ Import-AutoTaskModuleSettings ].[ Import-AutoTaskModuleSettings ] contains a synopsis" time="0.0046" asserts="0" success="True" result="Success" executed="True" />
                      <test-case description="[ Import-AutoTaskModuleSettings ] contains a description" name="Testing the [ Built ] version of [ Celerium.AutoTask ] with [ HelpComment.Tests.ps1 ].[ Celerium.AutoTask ] module help tests.[ Import-AutoTaskModuleSettings ].[ Import-AutoTaskModuleSettings ] contains a description" time="0.0114" asserts="0" success="True" result="Success" executed="True" />
                      <test-case description="[ Import-AutoTaskModuleSettings ] contains at least one usage example" name="Testing the [ Built ] version of [ Celerium.AutoTask ] with [ HelpComment.Tests.ps1 ].[ Celerium.AutoTask ] module help tests.[ Import-AutoTaskModuleSettings ].[ Import-AutoTaskModuleSettings ] contains at least one usage example" time="0.0062" asserts="0" success="True" result="Success" executed="True" />
                      <test-case description="[ Import-AutoTaskModuleSettings ] contains a note" name="Testing the [ Built ] version of [ Celerium.AutoTask ] with [ HelpComment.Tests.ps1 ].[ Celerium.AutoTask ] module help tests.[ Import-AutoTaskModuleSettings ].[ Import-AutoTaskModuleSettings ] contains a note" time="0.0047" asserts="0" success="True" result="Success" executed="True" />
                      <test-case description="[ Import-AutoTaskModuleSettings ] contains a link" name="Testing the [ Built ] version of [ Celerium.AutoTask ] with [ HelpComment.Tests.ps1 ].[ Celerium.AutoTask ] module help tests.[ Import-AutoTaskModuleSettings ].[ Import-AutoTaskModuleSettings ] contains a link" time="0.0048" asserts="0" success="True" result="Success" executed="True" />
                      <test-case description="[ Import-AutoTaskModuleSettings ] link should return 200" name="Testing the [ Built ] version of [ Celerium.AutoTask ] with [ HelpComment.Tests.ps1 ].[ Celerium.AutoTask ] module help tests.[ Import-AutoTaskModuleSettings ].[ Import-AutoTaskModuleSettings ] link should return 200" time="0.0948" asserts="0" success="False" result="Failure" executed="True">
                        <failure>
                          <message>Expected '200', but got $null.</message>
                          <stack-trace>at $Link.StatusCode | Should -Be '200', C:\Celerium\Projects\_API\Celerium.AutoTask\tests\HelpComment.Tests.ps1:226
at &lt;ScriptBlock&gt;, C:\Celerium\Projects\_API\Celerium.AutoTask\tests\HelpComment.Tests.ps1:226</stack-trace>
                        </failure>
                      </test-case>
                      <test-suite type="ParameterizedTest" name="Testing the [ Built ] version of [ Celerium.AutoTask ] with [ HelpComment.Tests.ps1 ].[ Celerium.AutoTask ] module help tests.[ Import-AutoTaskModuleSettings ].[ Import-AutoTaskModuleSettings ] - Parameter has a description - [ &lt;_.name&gt; ]" executed="True" result="Success" success="True" time="0.0123" asserts="0" description="[ Import-AutoTaskModuleSettings ] - Parameter has a description - [ &lt;_.name&gt; ]">
                        <results>
                          <test-case description="[ Import-AutoTaskModuleSettings ] - Parameter has a description - [ AutoTaskConfigPath ]" name="Testing the [ Built ] version of [ Celerium.AutoTask ] with [ HelpComment.Tests.ps1 ].[ Celerium.AutoTask ] module help tests.[ Import-AutoTaskModuleSettings ].[ Import-AutoTaskModuleSettings ] - Parameter has a description - [ AutoTaskConfigPath ]" time="0.007" asserts="0" success="True" result="Success" executed="True" />
                          <test-case description="[ Import-AutoTaskModuleSettings ] - Parameter has a description - [ AutoTaskConfigFile ]" name="Testing the [ Built ] version of [ Celerium.AutoTask ] with [ HelpComment.Tests.ps1 ].[ Celerium.AutoTask ] module help tests.[ Import-AutoTaskModuleSettings ].[ Import-AutoTaskModuleSettings ] - Parameter has a description - [ AutoTaskConfigFile ]" time="0.0053" asserts="0" success="True" result="Success" executed="True" />
                        </results>
                      </test-suite>
                      <test-suite type="ParameterizedTest" name="Testing the [ Built ] version of [ Celerium.AutoTask ] with [ HelpComment.Tests.ps1 ].[ Celerium.AutoTask ] module help tests.[ Import-AutoTaskModuleSettings ].[ Import-AutoTaskModuleSettings ] - Example has example code &amp; description   - [ &lt;_.title -replace '-'.''&gt; ]" executed="True" result="Success" success="True" time="0.0151" asserts="0" description="[ Import-AutoTaskModuleSettings ] - Example has example code &amp; description   - [ &lt;_.title -replace '-'.''&gt; ]">
                        <results>
                          <test-case description="[ Import-AutoTaskModuleSettings ] - Example has example code &amp; description   - [  EXAMPLE 1  ]" name="Testing the [ Built ] version of [ Celerium.AutoTask ] with [ HelpComment.Tests.ps1 ].[ Celerium.AutoTask ] module help tests.[ Import-AutoTaskModuleSettings ].[ Import-AutoTaskModuleSettings ] - Example has example code &amp; description   - [  EXAMPLE 1  ]" time="0.0085" asserts="0" success="True" result="Success" executed="True" />
                          <test-case description="[ Import-AutoTaskModuleSettings ] - Example has example code &amp; description   - [  EXAMPLE 2  ]" name="Testing the [ Built ] version of [ Celerium.AutoTask ] with [ HelpComment.Tests.ps1 ].[ Celerium.AutoTask ] module help tests.[ Import-AutoTaskModuleSettings ].[ Import-AutoTaskModuleSettings ] - Example has example code &amp; description   - [  EXAMPLE 2  ]" time="0.0067" asserts="0" success="True" result="Success" executed="True" />
                        </results>
                      </test-suite>
                    </results>
                  </test-suite>
                </results>
              </test-suite>
              <test-suite type="TestFixture" name="Testing the [ Built ] version of [ Celerium.AutoTask ] with [ HelpComment.Tests.ps1 ].[ Celerium.AutoTask ] module help tests" executed="True" result="Failure" success="False" time="2.612" asserts="0" description="Testing the [ Built ] version of [ Celerium.AutoTask ] with [ HelpComment.Tests.ps1 ].[ Celerium.AutoTask ] module help tests">
                <results>
                  <test-suite type="TestFixture" name="Testing the [ Built ] version of [ Celerium.AutoTask ] with [ HelpComment.Tests.ps1 ].[ Celerium.AutoTask ] module help tests.[ Invoke-AutoTaskRequest ]" executed="True" result="Failure" success="False" time="0.1911" asserts="0" description="Testing the [ Built ] version of [ Celerium.AutoTask ] with [ HelpComment.Tests.ps1 ].[ Celerium.AutoTask ] module help tests.[ Invoke-AutoTaskRequest ]">
                    <results>
                      <test-case description="[ Invoke-AutoTaskRequest ] contains comment based help" name="Testing the [ Built ] version of [ Celerium.AutoTask ] with [ HelpComment.Tests.ps1 ].[ Celerium.AutoTask ] module help tests.[ Invoke-AutoTaskRequest ].[ Invoke-AutoTaskRequest ] contains comment based help" time="0.0122" asserts="0" success="True" result="Success" executed="True" />
                      <test-case description="[ Invoke-AutoTaskRequest ] contains a synopsis" name="Testing the [ Built ] version of [ Celerium.AutoTask ] with [ HelpComment.Tests.ps1 ].[ Celerium.AutoTask ] module help tests.[ Invoke-AutoTaskRequest ].[ Invoke-AutoTaskRequest ] contains a synopsis" time="0.0047" asserts="0" success="True" result="Success" executed="True" />
                      <test-case description="[ Invoke-AutoTaskRequest ] contains a description" name="Testing the [ Built ] version of [ Celerium.AutoTask ] with [ HelpComment.Tests.ps1 ].[ Celerium.AutoTask ] module help tests.[ Invoke-AutoTaskRequest ].[ Invoke-AutoTaskRequest ] contains a description" time="0.0048" asserts="0" success="True" result="Success" executed="True" />
                      <test-case description="[ Invoke-AutoTaskRequest ] contains at least one usage example" name="Testing the [ Built ] version of [ Celerium.AutoTask ] with [ HelpComment.Tests.ps1 ].[ Celerium.AutoTask ] module help tests.[ Invoke-AutoTaskRequest ].[ Invoke-AutoTaskRequest ] contains at least one usage example" time="0.0061" asserts="0" success="True" result="Success" executed="True" />
                      <test-case description="[ Invoke-AutoTaskRequest ] contains a note" name="Testing the [ Built ] version of [ Celerium.AutoTask ] with [ HelpComment.Tests.ps1 ].[ Celerium.AutoTask ] module help tests.[ Invoke-AutoTaskRequest ].[ Invoke-AutoTaskRequest ] contains a note" time="0.0047" asserts="0" success="True" result="Success" executed="True" />
                      <test-case description="[ Invoke-AutoTaskRequest ] contains a link" name="Testing the [ Built ] version of [ Celerium.AutoTask ] with [ HelpComment.Tests.ps1 ].[ Celerium.AutoTask ] module help tests.[ Invoke-AutoTaskRequest ].[ Invoke-AutoTaskRequest ] contains a link" time="0.0112" asserts="0" success="True" result="Success" executed="True" />
                      <test-case description="[ Invoke-AutoTaskRequest ] link should return 200" name="Testing the [ Built ] version of [ Celerium.AutoTask ] with [ HelpComment.Tests.ps1 ].[ Celerium.AutoTask ] module help tests.[ Invoke-AutoTaskRequest ].[ Invoke-AutoTaskRequest ] link should return 200" time="0.1043" asserts="0" success="False" result="Failure" executed="True">
                        <failure>
                          <message>Expected '200', but got $null.</message>
                          <stack-trace>at $Link.StatusCode | Should -Be '200', C:\Celerium\Projects\_API\Celerium.AutoTask\tests\HelpComment.Tests.ps1:226
at &lt;ScriptBlock&gt;, C:\Celerium\Projects\_API\Celerium.AutoTask\tests\HelpComment.Tests.ps1:226</stack-trace>
                        </failure>
                      </test-case>
                      <test-suite type="ParameterizedTest" name="Testing the [ Built ] version of [ Celerium.AutoTask ] with [ HelpComment.Tests.ps1 ].[ Celerium.AutoTask ] module help tests.[ Invoke-AutoTaskRequest ].[ Invoke-AutoTaskRequest ] - Parameter has a description - [ &lt;_.name&gt; ]" executed="True" result="Success" success="True" time="0.0237" asserts="0" description="[ Invoke-AutoTaskRequest ] - Parameter has a description - [ &lt;_.name&gt; ]">
                        <results>
                          <test-case description="[ Invoke-AutoTaskRequest ] - Parameter has a description - [ Method ]" name="Testing the [ Built ] version of [ Celerium.AutoTask ] with [ HelpComment.Tests.ps1 ].[ Celerium.AutoTask ] module help tests.[ Invoke-AutoTaskRequest ].[ Invoke-AutoTaskRequest ] - Parameter has a description - [ Method ]" time="0.0079" asserts="0" success="True" result="Success" executed="True" />
                          <test-case description="[ Invoke-AutoTaskRequest ] - Parameter has a description - [ ResourceURI ]" name="Testing the [ Built ] version of [ Celerium.AutoTask ] with [ HelpComment.Tests.ps1 ].[ Celerium.AutoTask ] module help tests.[ Invoke-AutoTaskRequest ].[ Invoke-AutoTaskRequest ] - Parameter has a description - [ ResourceURI ]" time="0.0052" asserts="0" success="True" result="Success" executed="True" />
                          <test-case description="[ Invoke-AutoTaskRequest ] - Parameter has a description - [ Data ]" name="Testing the [ Built ] version of [ Celerium.AutoTask ] with [ HelpComment.Tests.ps1 ].[ Celerium.AutoTask ] module help tests.[ Invoke-AutoTaskRequest ].[ Invoke-AutoTaskRequest ] - Parameter has a description - [ Data ]" time="0.0052" asserts="0" success="True" result="Success" executed="True" />
                          <test-case description="[ Invoke-AutoTaskRequest ] - Parameter has a description - [ AllResults ]" name="Testing the [ Built ] version of [ Celerium.AutoTask ] with [ HelpComment.Tests.ps1 ].[ Celerium.AutoTask ] module help tests.[ Invoke-AutoTaskRequest ].[ Invoke-AutoTaskRequest ] - Parameter has a description - [ AllResults ]" time="0.0054" asserts="0" success="True" result="Success" executed="True" />
                        </results>
                      </test-suite>
                      <test-suite type="ParameterizedTest" name="Testing the [ Built ] version of [ Celerium.AutoTask ] with [ HelpComment.Tests.ps1 ].[ Celerium.AutoTask ] module help tests.[ Invoke-AutoTaskRequest ].[ Invoke-AutoTaskRequest ] - Example has example code &amp; description   - [ &lt;_.title -replace '-'.''&gt; ]" executed="True" result="Success" success="True" time="0.008" asserts="0" description="[ Invoke-AutoTaskRequest ] - Example has example code &amp; description   - [ &lt;_.title -replace '-'.''&gt; ]">
                        <results>
[...]
            <results>
              <test-suite type="TestFixture" name="Testing [ Add-AutoTaskBaseURI ] functions with [ Add-AutoTaskBaseURI.Tests.ps1 ].[ Add-AutoTaskBaseURI ] testing functions" executed="True" result="Success" success="True" time="0.9867" asserts="0" description="Testing [ Add-AutoTaskBaseURI ] functions with [ Add-AutoTaskBaseURI.Tests.ps1 ].[ Add-AutoTaskBaseURI ] testing functions">
                <results>
                  <test-case description="[ Add-AutoTaskBaseURI ] should have an alias of [ Set-AutoTaskBaseURI ]" name="Testing [ Add-AutoTaskBaseURI ] functions with [ Add-AutoTaskBaseURI.Tests.ps1 ].[ Add-AutoTaskBaseURI ] testing functions.[ Add-AutoTaskBaseURI ] should have an alias of [ Set-AutoTaskBaseURI ]" time="0.0066" asserts="0" success="True" result="Success" executed="True" />
                  <test-case description="Should accept a value from the pipeline" name="Testing [ Add-AutoTaskBaseURI ] functions with [ Add-AutoTaskBaseURI.Tests.ps1 ].[ Add-AutoTaskBaseURI ] testing functions.Should accept a value from the pipeline" time="0.4434" asserts="0" success="True" result="Success" executed="True" />
                  <test-case description="With parameter -BaseUri  should return what was inputted" name="Testing [ Add-AutoTaskBaseURI ] functions with [ Add-AutoTaskBaseURI.Tests.ps1 ].[ Add-AutoTaskBaseURI ] testing functions.With parameter -BaseUri  should return what was inputted" time="0.0892" asserts="0" success="True" result="Success" executed="True" />
                  <test-case description="With parameter -DataCenter America West 3 should return the default URI" name="Testing [ Add-AutoTaskBaseURI ] functions with [ Add-AutoTaskBaseURI.Tests.ps1 ].[ Add-AutoTaskBaseURI ] testing functions.With parameter -DataCenter America West 3 should return the default URI" time="0.0829" asserts="0" success="True" result="Success" executed="True" />
                  <test-case description="With invalid parameter value -DataCenter Space should return an error" name="Testing [ Add-AutoTaskBaseURI ] functions with [ Add-AutoTaskBaseURI.Tests.ps1 ].[ Add-AutoTaskBaseURI ] testing functions.With invalid parameter value -DataCenter Space should return an error" time="0.1498" asserts="0" success="True" result="Success" executed="True" />
                  <test-case description="The default URI should NOT contain a trailing forward slash" name="Testing [ Add-AutoTaskBaseURI ] functions with [ Add-AutoTaskBaseURI.Tests.ps1 ].[ Add-AutoTaskBaseURI ] testing functions.The default URI should NOT contain a trailing forward slash" time="0.1179" asserts="0" success="True" result="Success" executed="True" />
                  <test-case description="A custom URI should NOT contain a trailing forward slash" name="Testing [ Add-AutoTaskBaseURI ] functions with [ Add-AutoTaskBaseURI.Tests.ps1 ].[ Add-AutoTaskBaseURI ] testing functions.A custom URI should NOT contain a trailing forward slash" time="0.0877" asserts="0" success="True" result="Success" executed="True" />
                </results>
              </test-suite>
            </results>
          </test-suite>
        </results>
      </test-suite>
      <test-suite type="TestFixture" name="C:\Celerium\Projects\_API\Celerium.AutoTask\tests\Private\BaseUri\Get-AutoTaskBaseURI.Tests.ps1" executed="True" result="Success" success="True" time="0.4826" asserts="0" description="C:\Celerium\Projects\_API\Celerium.AutoTask\tests\Private\BaseUri\Get-AutoTaskBaseURI.Tests.ps1">
        <results>
          <test-suite type="TestFixture" name="Testing [ Get-AutoTaskBaseURI ] function with [ Get-AutoTaskBaseURI.Tests.ps1 ]" executed="True" result="Success" success="True" time="0.3624" asserts="0" description="Testing [ Get-AutoTaskBaseURI ] function with [ Get-AutoTaskBaseURI.Tests.ps1 ]">
            <results>
              <test-suite type="TestFixture" name="Testing [ Get-AutoTaskBaseURI ] function with [ Get-AutoTaskBaseURI.Tests.ps1 ].[ Get-AutoTaskBaseURI ] testing function" executed="True" result="Success" success="True" time="0.3526" asserts="0" description="Testing [ Get-AutoTaskBaseURI ] function with [ Get-AutoTaskBaseURI.Tests.ps1 ].[ Get-AutoTaskBaseURI ] testing function">
                <results>
                  <test-case description="The default URI should be returned" name="Testing [ Get-AutoTaskBaseURI ] function with [ Get-AutoTaskBaseURI.Tests.ps1 ].[ Get-AutoTaskBaseURI ] testing function.The default URI should be returned" time="0.0852" asserts="0" success="True" result="Success" executed="True" />
                  <test-case description="The URI should be a string" name="Testing [ Get-AutoTaskBaseURI ] function with [ Get-AutoTaskBaseURI.Tests.ps1 ].[ Get-AutoTaskBaseURI ] testing function.The URI should be a string" time="0.0937" asserts="0" success="True" result="Success" executed="True" />
                  <test-case description="The default URI should NOT contain a trailing forward slash" name="Testing [ Get-AutoTaskBaseURI ] function with [ Get-AutoTaskBaseURI.Tests.ps1 ].[ Get-AutoTaskBaseURI ] testing function.The default URI should NOT contain a trailing forward slash" time="0.0763" asserts="0" success="True" result="Success" executed="True" />
                  <test-case description="A custom URI should NOT contain a trailing forward slash" name="Testing [ Get-AutoTaskBaseURI ] function with [ Get-AutoTaskBaseURI.Tests.ps1 ].[ Get-AutoTaskBaseURI ] testing function.A custom URI should NOT contain a trailing forward slash" time="0.0788" asserts="0" success="True" result="Success" executed="True" />
                  <test-case description="If the baseUri is not set a warning should be thrown" name="Testing [ Get-AutoTaskBaseURI ] function with [ Get-AutoTaskBaseURI.Tests.ps1 ].[ Get-AutoTaskBaseURI ] testing function.If the baseUri is not set a warning should be thrown" time="0.0096" asserts="0" success="True" result="Success" executed="True" />
                </results>
              </test-suite>
            </results>
          </test-suite>
        </results>
      </test-suite>
      <test-suite type="TestFixture" name="C:\Celerium\Projects\_API\Celerium.AutoTask\tests\Private\BaseUri\Remove-AutoTaskBaseURI.Tests.ps1" executed="True" result="Success" success="True" time="0.2985" asserts="0" description="C:\Celerium\Projects\_API\Celerium.AutoTask\tests\Private\BaseUri\Remove-AutoTaskBaseURI.Tests.ps1">
        <results>
          <test-suite type="TestFixture" name="Testing [ Remove-AutoTaskBaseURI ] function with [ Remove-AutoTaskBaseURI.Tests.ps1 ]" executed="True" result="Success" success="True" time="0.1927" asserts="0" description="Testing [ Remove-AutoTaskBaseURI ] function with [ Remove-AutoTaskBaseURI.Tests.ps1 ]">
            <results>
              <test-suite type="TestFixture" name="Testing [ Remove-AutoTaskBaseURI ] function with [ Remove-AutoTaskBaseURI.Tests.ps1 ].[ Remove-AutoTaskBaseURI ] testing function" executed="True" result="Success" success="True" time="0.1777" asserts="0" description="Testing [ Remove-AutoTaskBaseURI ] function with [ Remove-AutoTaskBaseURI.Tests.ps1 ].[ Remove-AutoTaskBaseURI ] testing function">
                <results>
                  <test-case description="The baseUri variable should not longer exist" name="Testing [ Remove-AutoTaskBaseURI ] function with [ Remove-AutoTaskBaseURI.Tests.ps1 ].[ Remove-AutoTaskBaseURI ] testing function.The baseUri variable should not longer exist" time="0.0806" asserts="0" success="True" result="Success" executed="True" />
                  <test-case description="If the baseUri is already gone a warning should be thrown" name="Testing [ Remove-AutoTaskBaseURI ] function with [ Remove-AutoTaskBaseURI.Tests.ps1 ].[ Remove-AutoTaskBaseURI ] testing function.If the baseUri is already gone a warning should be thrown" time="0.0821" asserts="0" success="True" result="Success" executed="True" />
                </results>
              </test-suite>
            </results>
          </test-suite>
        </results>
      </test-suite>
      <test-suite type="TestFixture" name="C:\Celerium\Projects\_API\Celerium.AutoTask\tests\Private\ModuleSettings\Export-AutoTaskModuleSettings.Tests.ps1" executed="True" result="Success" success="True" time="0.5323" asserts="0" description="C:\Celerium\Projects\_API\Celerium.AutoTask\tests\Private\ModuleSettings\Export-AutoTaskModuleSettings.Tests.ps1">
        <results>
          <test-suite type="TestFixture" name="Testing [ Export-AutoTaskModuleSettings ] function with [ Export-AutoTaskModuleSettings.Tests.ps1 ]" executed="True" result="Success" success="True" time="0.4076" asserts="0" description="Testing [ Export-AutoTaskModuleSettings ] function with [ Export-AutoTaskModuleSettings.Tests.ps1 ]">
            <results>
              <test-suite type="TestFixture" name="Testing [ Export-AutoTaskModuleSettings ] function with [ Export-AutoTaskModuleSettings.Tests.ps1 ].[ Export-AutoTaskModuleSettings ] testing function" executed="True" result="Success" success="True" time="0.3944" asserts="0" description="Testing [ Export-AutoTaskModuleSettings ] function with [ Export-AutoTaskModuleSettings.Tests.ps1 ].[ Export-AutoTaskModuleSettings ] testing function">
                <results>
                  <test-case description="Should export successfully" name="Testing [ Export-AutoTaskModuleSettings ] function with [ Export-AutoTaskModuleSettings.Tests.ps1 ].[ Export-AutoTaskModuleSettings ] testing function.Should export successfully" time="0.1144" asserts="0" success="True" result="Success" executed="True" />
                  <test-case description="Configuration directory should be hidden" name="Testing [ Export-AutoTaskModuleSettings ] function with [ Export-AutoTaskModuleSettings.Tests.ps1 ].[ Export-AutoTaskModuleSettings ] testing function.Configuration directory should be hidden" time="0.1457" asserts="0" success="True" result="Success" executed="True" />
                  <test-case description="Configuration file should contain required values" name="Testing [ Export-AutoTaskModuleSettings ] function with [ Export-AutoTaskModuleSettings.Tests.ps1 ].[ Export-AutoTaskModuleSettings ] testing function.Configuration file should contain required values" time="0.1259" asserts="0" success="True" result="Success" executed="True" />
                </results>
              </test-suite>
            </results>
          </test-suite>
        </results>
      </test-suite>
      <test-suite type="TestFixture" name="C:\Celerium\Projects\_API\Celerium.AutoTask\tests\Private\ModuleSettings\Get-AutoTaskModuleSettings.Tests.ps1" executed="True" result="Success" success="True" time="0.3283" asserts="0" description="C:\Celerium\Projects\_API\Celerium.AutoTask\tests\Private\ModuleSettings\Get-AutoTaskModuleSettings.Tests.ps1">
        <results>
          <test-suite type="TestFixture" name="Testing [ Get-AutoTaskModuleSettings ] function with [ Get-AutoTaskModuleSettings.Tests.ps1 ]" executed="True" result="Success" success="True" time="0.2179" asserts="0" description="Testing [ Get-AutoTaskModuleSettings ] function with [ Get-AutoTaskModuleSettings.Tests.ps1 ]">
            <results>
              <test-suite type="TestFixture" name="Testing [ Get-AutoTaskModuleSettings ] function with [ Get-AutoTaskModuleSettings.Tests.ps1 ].[ Get-AutoTaskModuleSettings ] testing function" executed="True" result="Success" success="True" time="0.2102" asserts="0" description="Testing [ Get-AutoTaskModuleSettings ] function with [ Get-AutoTaskModuleSettings.Tests.ps1 ].[ Get-AutoTaskModuleSettings ] testing function">
                <results>
                  <test-case description="Configuration directory should be hidden" name="Testing [ Get-AutoTaskModuleSettings ] function with [ Get-AutoTaskModuleSettings.Tests.ps1 ].[ Get-AutoTaskModuleSettings ] testing function.Configuration directory should be hidden" time="0.097" asserts="0" success="True" result="Success" executed="True" />
                  <test-case description="Configuration file should contain required values" name="Testing [ Get-AutoTaskModuleSettings ] function with [ Get-AutoTaskModuleSettings.Tests.ps1 ].[ Get-AutoTaskModuleSettings ] testing function.Configuration file should contain required values" time="0.1051" asserts="0" success="True" result="Success" executed="True" />
                </results>
              </test-suite>
            </results>
          </test-suite>
        </results>
      </test-suite>
      <test-suite type="TestFixture" name="C:\Celerium\Projects\_API\Celerium.AutoTask\tests\Private\ModuleSettings\Import-AutoTaskModuleSettings.Tests.ps1" executed="True" result="Success" success="True" time="0.3936" asserts="0" description="C:\Celerium\Projects\_API\Celerium.AutoTask\tests\Private\ModuleSettings\Import-AutoTaskModuleSettings.Tests.ps1">
        <results>
          <test-suite type="TestFixture" name="Testing [ Import-AutoTaskModuleSettings ] function with [ Import-AutoTaskModuleSettings.Tests.ps1 ]" executed="True" result="Success" success="True" time="0.2746" asserts="0" description="Testing [ Import-AutoTaskModuleSettings ] function with [ Import-AutoTaskModuleSettings.Tests.ps1 ]">
            <results>
              <test-suite type="TestFixture" name="Testing [ Import-AutoTaskModuleSettings ] function with [ Import-AutoTaskModuleSettings.Tests.ps1 ].[ Import-AutoTaskModuleSettings ] testing function" executed="True" result="Success" success="True" time="0.2663" asserts="0" description="Testing [ Import-AutoTaskModuleSettings ] function with [ Import-AutoTaskModuleSettings.Tests.ps1 ].[ Import-AutoTaskModuleSettings ] testing function">
                <results>
                  <test-case description="No configuration should populate baseline variables" name="Testing [ Import-AutoTaskModuleSettings ] function with [ Import-AutoTaskModuleSettings.Tests.ps1 ].[ Import-AutoTaskModuleSettings ] testing function.No configuration should populate baseline variables" time="0.023" asserts="0" success="True" result="Success" executed="True" />
                  <test-case description="Saved configuration session should contain required variables" name="Testing [ Import-AutoTaskModuleSettings ] function with [ Import-AutoTaskModuleSettings.Tests.ps1 ].[ Import-AutoTaskModuleSettings ] testing function.Saved configuration session should contain required variables" time="0.1156" asserts="0" success="True" result="Success" executed="True" />
                  <test-case description="Saved configuration session should NOT contain temp variables" name="Testing [ Import-AutoTaskModuleSettings ] function with [ Import-AutoTaskModuleSettings.Tests.ps1 ].[ Import-AutoTaskModuleSettings ] testing function.Saved configuration session should NOT contain temp variables" time="0.1132" asserts="0" success="True" result="Success" executed="True" />
                </results>
              </test-suite>
            </results>
          </test-suite>
        </results>
      </test-suite>
      <test-suite type="TestFixture" name="C:\Celerium\Projects\_API\Celerium.AutoTask\tests\Private\ModuleSettings\Initialize-AutoTaskModuleSettings.Tests.ps1" executed="True" result="Success" success="True" time="0.2676" asserts="0" description="C:\Celerium\Projects\_API\Celerium.AutoTask\tests\Private\ModuleSettings\Initialize-AutoTaskModuleSettings.Tests.ps1">
        <results>
          <test-suite type="TestFixture" name="Testing [ Initialize-AutoTaskModuleSettings ] function with [ Initialize-AutoTaskModuleSettings.Tests.ps1 ]" executed="True" result="Success" success="True" time="0.1586" asserts="0" description="Testing [ Initialize-AutoTaskModuleSettings ] function with [ Initialize-AutoTaskModuleSettings.Tests.ps1 ]">
            <results>
              <test-suite type="TestFixture" name="Testing [ Initialize-AutoTaskModuleSettings ] function with [ Initialize-AutoTaskModuleSettings.Tests.ps1 ].[ Initialize-AutoTaskModuleSettings ] testing function" executed="True" result="Success" success="True" time="0.1509" asserts="0" description="Testing [ Initialize-AutoTaskModuleSettings ] function with [ Initialize-AutoTaskModuleSettings.Tests.ps1 ].[ Initialize-AutoTaskModuleSettings ] testing function">
                <results>
                  <test-case description="When imported WITHOUT a saved configuration baseline variables should exist" name="Testing [ Initialize-AutoTaskModuleSettings ] function with [ Initialize-AutoTaskModuleSettings.Tests.ps1 ].[ Initialize-AutoTaskModuleSettings ] testing function.When imported WITHOUT a saved configuration baseline variables should exist" time="0.0285" asserts="0" success="True" result="Success" executed="True" />
                  <test-case description="When imported WITH a saved configuration baseline variables should exist" name="Testing [ Initialize-AutoTaskModuleSettings ] function with [ Initialize-AutoTaskModuleSettings.Tests.ps1 ].[ Initialize-AutoTaskModuleSettings ] testing function.When imported WITH a saved configuration baseline variables should exist" time="0.1136" asserts="0" success="True" result="Success" executed="True" />
                </results>
              </test-suite>
            </results>
          </test-suite>
        </results>
      </test-suite>
      <test-suite type="TestFixture" name="C:\Celerium\Projects\_API\Celerium.AutoTask\tests\Private\ModuleSettings\Remove-AutoTaskModuleSettings.Tests.ps1" executed="True" result="Success" success="True" time="0.3835" asserts="0" description="C:\Celerium\Projects\_API\Celerium.AutoTask\tests\Private\ModuleSettings\Remove-AutoTaskModuleSettings.Tests.ps1">
        <results>
          <test-suite type="TestFixture" name="Testing [ Remove-AutoTaskModuleSettings ] function with [ Remove-AutoTaskModuleSettings.Tests.ps1 ]" executed="True" result="Success" success="True" time="0.2386" asserts="0" description="Testing [ Remove-AutoTaskModuleSettings ] function with [ Remove-AutoTaskModuleSettings.Tests.ps1 ]">
            <results>
              <test-suite type="TestFixture" name="Testing [ Remove-AutoTaskModuleSettings ] function with [ Remove-AutoTaskModuleSettings.Tests.ps1 ].[ Remove-AutoTaskModuleSettings ] testing function" executed="True" result="Success" success="True" time="0.2166" asserts="0" description="Testing [ Remove-AutoTaskModuleSettings ] function with [ Remove-AutoTaskModuleSettings.Tests.ps1 ].[ Remove-AutoTaskModuleSettings ] testing function">
                <results>
                  <test-case description="No configuration should throw a warning" name="Testing [ Remove-AutoTaskModuleSettings ] function with [ Remove-AutoTaskModuleSettings.Tests.ps1 ].[ Remove-AutoTaskModuleSettings ] testing function.No configuration should throw a warning" time="0.0096" asserts="0" success="True" result="Success" executed="True" />
                  <test-case description="Saved configuration should be removed" name="Testing [ Remove-AutoTaskModuleSettings ] function with [ Remove-AutoTaskModuleSettings.Tests.ps1 ].[ Remove-AutoTaskModuleSettings ] testing function.Saved configuration should be removed" time="0.1031" asserts="0" success="True" result="Success" executed="True" />
                  <test-case description="Saved configuration &amp; variables should be removed" name="Testing [ Remove-AutoTaskModuleSettings ] function with [ Remove-AutoTaskModuleSettings.Tests.ps1 ].[ Remove-AutoTaskModuleSettings ] testing function.Saved configuration &amp; variables should be removed" time="0.0939" asserts="0" success="True" result="Success" executed="True" />
                </results>
              </test-suite>
            </results>
          </test-suite>
        </results>
      </test-suite>
    </results>
  </test-suite>
</test-results>